mode: set
github.com/LukeHagar/plexgo/activities.go:29.60,33.2 1 1
github.com/LukeHagar/plexgo/activities.go:37.139,44.27 3 0
github.com/LukeHagar/plexgo/activities.go:44.27,45.54 1 0
github.com/LukeHagar/plexgo/activities.go:45.54,47.4 1 0
github.com/LukeHagar/plexgo/activities.go:50.2,51.24 2 0
github.com/LukeHagar/plexgo/activities.go:51.24,53.3 1 0
github.com/LukeHagar/plexgo/activities.go:53.8,55.3 1 0
github.com/LukeHagar/plexgo/activities.go:56.2,57.16 2 0
github.com/LukeHagar/plexgo/activities.go:57.16,59.3 1 0
github.com/LukeHagar/plexgo/activities.go:61.2,70.20 3 0
github.com/LukeHagar/plexgo/activities.go:70.20,72.3 1 0
github.com/LukeHagar/plexgo/activities.go:74.2,74.20 1 0
github.com/LukeHagar/plexgo/activities.go:74.20,78.3 3 0
github.com/LukeHagar/plexgo/activities.go:80.2,81.16 2 0
github.com/LukeHagar/plexgo/activities.go:81.16,83.3 1 0
github.com/LukeHagar/plexgo/activities.go:84.2,87.86 3 0
github.com/LukeHagar/plexgo/activities.go:87.86,89.3 1 0
github.com/LukeHagar/plexgo/activities.go:91.2,91.33 1 0
github.com/LukeHagar/plexgo/activities.go:91.33,93.3 1 0
github.com/LukeHagar/plexgo/activities.go:95.2,97.24 3 0
github.com/LukeHagar/plexgo/activities.go:97.24,98.31 1 0
github.com/LukeHagar/plexgo/activities.go:98.31,100.4 1 0
github.com/LukeHagar/plexgo/activities.go:103.2,104.24 2 0
github.com/LukeHagar/plexgo/activities.go:104.24,114.37 1 0
github.com/LukeHagar/plexgo/activities.go:114.37,115.23 1 0
github.com/LukeHagar/plexgo/activities.go:115.23,117.19 2 0
github.com/LukeHagar/plexgo/activities.go:117.19,119.6 1 0
github.com/LukeHagar/plexgo/activities.go:120.5,120.24 1 0
github.com/LukeHagar/plexgo/activities.go:123.4,124.18 2 0
github.com/LukeHagar/plexgo/activities.go:124.18,125.67 1 0
github.com/LukeHagar/plexgo/activities.go:125.67,127.6 1 0
github.com/LukeHagar/plexgo/activities.go:129.5,129.37 1 0
github.com/LukeHagar/plexgo/activities.go:132.4,133.36 2 0
github.com/LukeHagar/plexgo/activities.go:133.36,134.19 1 0
github.com/LukeHagar/plexgo/activities.go:134.19,136.6 1 0
github.com/LukeHagar/plexgo/activities.go:136.11,138.6 1 0
github.com/LukeHagar/plexgo/activities.go:140.5,140.106 1 0
github.com/LukeHagar/plexgo/activities.go:142.4,142.23 1 0
github.com/LukeHagar/plexgo/activities.go:145.3,145.17 1 0
github.com/LukeHagar/plexgo/activities.go:145.17,147.4 1 0
github.com/LukeHagar/plexgo/activities.go:147.9,149.18 2 0
github.com/LukeHagar/plexgo/activities.go:149.18,151.5 1 0
github.com/LukeHagar/plexgo/activities.go:153.8,155.17 2 0
github.com/LukeHagar/plexgo/activities.go:155.17,157.4 1 0
github.com/LukeHagar/plexgo/activities.go:159.3,160.35 2 0
github.com/LukeHagar/plexgo/activities.go:160.35,161.18 1 0
github.com/LukeHagar/plexgo/activities.go:161.18,163.5 1 0
github.com/LukeHagar/plexgo/activities.go:163.10,165.5 1 0
github.com/LukeHagar/plexgo/activities.go:167.4,168.19 2 0
github.com/LukeHagar/plexgo/activities.go:169.9,169.94 1 0
github.com/LukeHagar/plexgo/activities.go:169.94,171.18 2 0
github.com/LukeHagar/plexgo/activities.go:171.18,173.5 1 0
github.com/LukeHagar/plexgo/activities.go:173.10,173.30 1 0
github.com/LukeHagar/plexgo/activities.go:173.30,175.5 1 0
github.com/LukeHagar/plexgo/activities.go:176.9,178.18 2 0
github.com/LukeHagar/plexgo/activities.go:178.18,180.5 1 0
github.com/LukeHagar/plexgo/activities.go:184.2,190.9 2 0
github.com/LukeHagar/plexgo/activities.go:191.33,192.10 1 0
github.com/LukeHagar/plexgo/activities.go:193.87,195.18 2 0
github.com/LukeHagar/plexgo/activities.go:195.18,197.5 1 0
github.com/LukeHagar/plexgo/activities.go:199.4,200.98 2 0
github.com/LukeHagar/plexgo/activities.go:200.98,202.5 1 0
github.com/LukeHagar/plexgo/activities.go:204.4,204.21 1 0
github.com/LukeHagar/plexgo/activities.go:205.11,207.18 2 0
github.com/LukeHagar/plexgo/activities.go:207.18,209.5 1 0
github.com/LukeHagar/plexgo/activities.go:210.4,210.169 1 0
github.com/LukeHagar/plexgo/activities.go:212.33,213.10 1 0
github.com/LukeHagar/plexgo/activities.go:214.87,216.18 2 0
github.com/LukeHagar/plexgo/activities.go:216.18,218.5 1 0
github.com/LukeHagar/plexgo/activities.go:220.4,221.98 2 0
github.com/LukeHagar/plexgo/activities.go:221.98,223.5 1 0
github.com/LukeHagar/plexgo/activities.go:225.4,226.20 2 0
github.com/LukeHagar/plexgo/activities.go:227.11,229.18 2 0
github.com/LukeHagar/plexgo/activities.go:229.18,231.5 1 0
github.com/LukeHagar/plexgo/activities.go:232.4,232.169 1 0
github.com/LukeHagar/plexgo/activities.go:234.33,235.10 1 0
github.com/LukeHagar/plexgo/activities.go:236.87,238.18 2 0
github.com/LukeHagar/plexgo/activities.go:238.18,240.5 1 0
github.com/LukeHagar/plexgo/activities.go:242.4,243.98 2 0
github.com/LukeHagar/plexgo/activities.go:243.98,245.5 1 0
github.com/LukeHagar/plexgo/activities.go:247.4,248.20 2 0
github.com/LukeHagar/plexgo/activities.go:249.11,251.18 2 0
github.com/LukeHagar/plexgo/activities.go:251.18,253.5 1 0
github.com/LukeHagar/plexgo/activities.go:254.4,254.169 1 0
github.com/LukeHagar/plexgo/activities.go:256.61,258.17 2 0
github.com/LukeHagar/plexgo/activities.go:258.17,260.4 1 0
github.com/LukeHagar/plexgo/activities.go:261.3,261.104 1 0
github.com/LukeHagar/plexgo/activities.go:262.61,264.17 2 0
github.com/LukeHagar/plexgo/activities.go:264.17,266.4 1 0
github.com/LukeHagar/plexgo/activities.go:267.3,267.104 1 0
github.com/LukeHagar/plexgo/activities.go:268.10,270.17 2 0
github.com/LukeHagar/plexgo/activities.go:270.17,272.4 1 0
github.com/LukeHagar/plexgo/activities.go:273.3,273.114 1 0
github.com/LukeHagar/plexgo/activities.go:276.2,276.17 1 0
github.com/LukeHagar/plexgo/activities.go:282.166,293.27 4 0
github.com/LukeHagar/plexgo/activities.go:293.27,294.54 1 0
github.com/LukeHagar/plexgo/activities.go:294.54,296.4 1 0
github.com/LukeHagar/plexgo/activities.go:299.2,300.24 2 0
github.com/LukeHagar/plexgo/activities.go:300.24,302.3 1 0
github.com/LukeHagar/plexgo/activities.go:302.8,304.3 1 0
github.com/LukeHagar/plexgo/activities.go:305.2,306.16 2 0
github.com/LukeHagar/plexgo/activities.go:306.16,308.3 1 0
github.com/LukeHagar/plexgo/activities.go:310.2,319.20 3 0
github.com/LukeHagar/plexgo/activities.go:319.20,321.3 1 0
github.com/LukeHagar/plexgo/activities.go:323.2,323.20 1 0
github.com/LukeHagar/plexgo/activities.go:323.20,327.3 3 0
github.com/LukeHagar/plexgo/activities.go:329.2,330.16 2 0
github.com/LukeHagar/plexgo/activities.go:330.16,332.3 1 0
github.com/LukeHagar/plexgo/activities.go:333.2,336.86 3 0
github.com/LukeHagar/plexgo/activities.go:336.86,338.3 1 0
github.com/LukeHagar/plexgo/activities.go:340.2,340.33 1 0
github.com/LukeHagar/plexgo/activities.go:340.33,342.3 1 0
github.com/LukeHagar/plexgo/activities.go:344.2,346.24 3 0
github.com/LukeHagar/plexgo/activities.go:346.24,347.31 1 0
github.com/LukeHagar/plexgo/activities.go:347.31,349.4 1 0
github.com/LukeHagar/plexgo/activities.go:352.2,353.24 2 0
github.com/LukeHagar/plexgo/activities.go:353.24,363.37 1 0
github.com/LukeHagar/plexgo/activities.go:363.37,364.23 1 0
github.com/LukeHagar/plexgo/activities.go:364.23,366.19 2 0
github.com/LukeHagar/plexgo/activities.go:366.19,368.6 1 0
github.com/LukeHagar/plexgo/activities.go:369.5,369.24 1 0
github.com/LukeHagar/plexgo/activities.go:372.4,373.18 2 0
github.com/LukeHagar/plexgo/activities.go:373.18,374.67 1 0
github.com/LukeHagar/plexgo/activities.go:374.67,376.6 1 0
github.com/LukeHagar/plexgo/activities.go:378.5,378.37 1 0
github.com/LukeHagar/plexgo/activities.go:381.4,382.36 2 0
github.com/LukeHagar/plexgo/activities.go:382.36,383.19 1 0
github.com/LukeHagar/plexgo/activities.go:383.19,385.6 1 0
github.com/LukeHagar/plexgo/activities.go:385.11,387.6 1 0
github.com/LukeHagar/plexgo/activities.go:389.5,389.106 1 0
github.com/LukeHagar/plexgo/activities.go:391.4,391.23 1 0
github.com/LukeHagar/plexgo/activities.go:394.3,394.17 1 0
github.com/LukeHagar/plexgo/activities.go:394.17,396.4 1 0
github.com/LukeHagar/plexgo/activities.go:396.9,398.18 2 0
github.com/LukeHagar/plexgo/activities.go:398.18,400.5 1 0
github.com/LukeHagar/plexgo/activities.go:402.8,404.17 2 0
github.com/LukeHagar/plexgo/activities.go:404.17,406.4 1 0
github.com/LukeHagar/plexgo/activities.go:408.3,409.35 2 0
github.com/LukeHagar/plexgo/activities.go:409.35,410.18 1 0
github.com/LukeHagar/plexgo/activities.go:410.18,412.5 1 0
github.com/LukeHagar/plexgo/activities.go:412.10,414.5 1 0
github.com/LukeHagar/plexgo/activities.go:416.4,417.19 2 0
github.com/LukeHagar/plexgo/activities.go:418.9,418.94 1 0
github.com/LukeHagar/plexgo/activities.go:418.94,420.18 2 0
github.com/LukeHagar/plexgo/activities.go:420.18,422.5 1 0
github.com/LukeHagar/plexgo/activities.go:422.10,422.30 1 0
github.com/LukeHagar/plexgo/activities.go:422.30,424.5 1 0
github.com/LukeHagar/plexgo/activities.go:425.9,427.18 2 0
github.com/LukeHagar/plexgo/activities.go:427.18,429.5 1 0
github.com/LukeHagar/plexgo/activities.go:433.2,439.9 2 0
github.com/LukeHagar/plexgo/activities.go:440.33,440.33 0 0
github.com/LukeHagar/plexgo/activities.go:441.33,442.10 1 0
github.com/LukeHagar/plexgo/activities.go:443.87,445.18 2 0
github.com/LukeHagar/plexgo/activities.go:445.18,447.5 1 0
github.com/LukeHagar/plexgo/activities.go:449.4,450.98 2 0
github.com/LukeHagar/plexgo/activities.go:450.98,452.5 1 0
github.com/LukeHagar/plexgo/activities.go:454.4,455.20 2 0
github.com/LukeHagar/plexgo/activities.go:456.11,458.18 2 0
github.com/LukeHagar/plexgo/activities.go:458.18,460.5 1 0
github.com/LukeHagar/plexgo/activities.go:461.4,461.169 1 0
github.com/LukeHagar/plexgo/activities.go:463.33,464.10 1 0
github.com/LukeHagar/plexgo/activities.go:465.87,467.18 2 0
github.com/LukeHagar/plexgo/activities.go:467.18,469.5 1 0
github.com/LukeHagar/plexgo/activities.go:471.4,472.98 2 0
github.com/LukeHagar/plexgo/activities.go:472.98,474.5 1 0
github.com/LukeHagar/plexgo/activities.go:476.4,477.20 2 0
github.com/LukeHagar/plexgo/activities.go:478.11,480.18 2 0
github.com/LukeHagar/plexgo/activities.go:480.18,482.5 1 0
github.com/LukeHagar/plexgo/activities.go:483.4,483.169 1 0
github.com/LukeHagar/plexgo/activities.go:485.61,487.17 2 0
github.com/LukeHagar/plexgo/activities.go:487.17,489.4 1 0
github.com/LukeHagar/plexgo/activities.go:490.3,490.104 1 0
github.com/LukeHagar/plexgo/activities.go:491.61,493.17 2 0
github.com/LukeHagar/plexgo/activities.go:493.17,495.4 1 0
github.com/LukeHagar/plexgo/activities.go:496.3,496.104 1 0
github.com/LukeHagar/plexgo/activities.go:497.10,499.17 2 0
github.com/LukeHagar/plexgo/activities.go:499.17,501.4 1 0
github.com/LukeHagar/plexgo/activities.go:502.3,502.114 1 0
github.com/LukeHagar/plexgo/activities.go:505.2,505.17 1 0
github.com/LukeHagar/plexgo/authentication.go:23.68,27.2 1 1
github.com/LukeHagar/plexgo/authentication.go:31.213,43.27 4 0
github.com/LukeHagar/plexgo/authentication.go:43.27,44.54 1 0
github.com/LukeHagar/plexgo/authentication.go:44.54,46.4 1 0
github.com/LukeHagar/plexgo/authentication.go:49.2,50.24 2 0
github.com/LukeHagar/plexgo/authentication.go:50.24,52.3 1 0
github.com/LukeHagar/plexgo/authentication.go:52.8,54.3 1 0
github.com/LukeHagar/plexgo/authentication.go:55.2,56.16 2 0
github.com/LukeHagar/plexgo/authentication.go:56.16,58.3 1 0
github.com/LukeHagar/plexgo/authentication.go:60.2,69.20 3 0
github.com/LukeHagar/plexgo/authentication.go:69.20,71.3 1 0
github.com/LukeHagar/plexgo/authentication.go:73.2,73.20 1 0
github.com/LukeHagar/plexgo/authentication.go:73.20,77.3 3 0
github.com/LukeHagar/plexgo/authentication.go:79.2,80.16 2 0
github.com/LukeHagar/plexgo/authentication.go:80.16,82.3 1 0
github.com/LukeHagar/plexgo/authentication.go:83.2,86.74 3 0
github.com/LukeHagar/plexgo/authentication.go:86.74,88.3 1 0
github.com/LukeHagar/plexgo/authentication.go:90.2,90.86 1 0
github.com/LukeHagar/plexgo/authentication.go:90.86,92.3 1 0
github.com/LukeHagar/plexgo/authentication.go:94.2,94.33 1 0
github.com/LukeHagar/plexgo/authentication.go:94.33,96.3 1 0
github.com/LukeHagar/plexgo/authentication.go:98.2,100.24 3 0
github.com/LukeHagar/plexgo/authentication.go:100.24,101.31 1 0
github.com/LukeHagar/plexgo/authentication.go:101.31,103.4 1 0
github.com/LukeHagar/plexgo/authentication.go:106.2,107.24 2 0
github.com/LukeHagar/plexgo/authentication.go:107.24,117.37 1 0
github.com/LukeHagar/plexgo/authentication.go:117.37,118.23 1 0
github.com/LukeHagar/plexgo/authentication.go:118.23,120.19 2 0
github.com/LukeHagar/plexgo/authentication.go:120.19,122.6 1 0
github.com/LukeHagar/plexgo/authentication.go:123.5,123.24 1 0
github.com/LukeHagar/plexgo/authentication.go:126.4,127.18 2 0
github.com/LukeHagar/plexgo/authentication.go:127.18,128.67 1 0
github.com/LukeHagar/plexgo/authentication.go:128.67,130.6 1 0
github.com/LukeHagar/plexgo/authentication.go:132.5,132.37 1 0
github.com/LukeHagar/plexgo/authentication.go:135.4,136.36 2 0
github.com/LukeHagar/plexgo/authentication.go:136.36,137.19 1 0
github.com/LukeHagar/plexgo/authentication.go:137.19,139.6 1 0
github.com/LukeHagar/plexgo/authentication.go:139.11,141.6 1 0
github.com/LukeHagar/plexgo/authentication.go:143.5,143.106 1 0
github.com/LukeHagar/plexgo/authentication.go:145.4,145.23 1 0
github.com/LukeHagar/plexgo/authentication.go:148.3,148.17 1 0
github.com/LukeHagar/plexgo/authentication.go:148.17,150.4 1 0
github.com/LukeHagar/plexgo/authentication.go:150.9,152.18 2 0
github.com/LukeHagar/plexgo/authentication.go:152.18,154.5 1 0
github.com/LukeHagar/plexgo/authentication.go:156.8,158.17 2 0
github.com/LukeHagar/plexgo/authentication.go:158.17,160.4 1 0
github.com/LukeHagar/plexgo/authentication.go:162.3,163.35 2 0
github.com/LukeHagar/plexgo/authentication.go:163.35,164.18 1 0
github.com/LukeHagar/plexgo/authentication.go:164.18,166.5 1 0
github.com/LukeHagar/plexgo/authentication.go:166.10,168.5 1 0
github.com/LukeHagar/plexgo/authentication.go:170.4,171.19 2 0
github.com/LukeHagar/plexgo/authentication.go:172.9,172.94 1 0
github.com/LukeHagar/plexgo/authentication.go:172.94,174.18 2 0
github.com/LukeHagar/plexgo/authentication.go:174.18,176.5 1 0
github.com/LukeHagar/plexgo/authentication.go:176.10,176.30 1 0
github.com/LukeHagar/plexgo/authentication.go:176.30,178.5 1 0
github.com/LukeHagar/plexgo/authentication.go:179.9,181.18 2 0
github.com/LukeHagar/plexgo/authentication.go:181.18,183.5 1 0
github.com/LukeHagar/plexgo/authentication.go:187.2,193.9 2 0
github.com/LukeHagar/plexgo/authentication.go:194.33,194.33 0 0
github.com/LukeHagar/plexgo/authentication.go:195.33,196.10 1 0
github.com/LukeHagar/plexgo/authentication.go:197.87,199.18 2 0
github.com/LukeHagar/plexgo/authentication.go:199.18,201.5 1 0
github.com/LukeHagar/plexgo/authentication.go:203.4,204.98 2 0
github.com/LukeHagar/plexgo/authentication.go:204.98,206.5 1 0
github.com/LukeHagar/plexgo/authentication.go:208.4,209.20 2 0
github.com/LukeHagar/plexgo/authentication.go:210.11,212.18 2 0
github.com/LukeHagar/plexgo/authentication.go:212.18,214.5 1 0
github.com/LukeHagar/plexgo/authentication.go:215.4,215.169 1 0
github.com/LukeHagar/plexgo/authentication.go:217.33,218.10 1 0
github.com/LukeHagar/plexgo/authentication.go:219.87,221.18 2 0
github.com/LukeHagar/plexgo/authentication.go:221.18,223.5 1 0
github.com/LukeHagar/plexgo/authentication.go:225.4,226.98 2 0
github.com/LukeHagar/plexgo/authentication.go:226.98,228.5 1 0
github.com/LukeHagar/plexgo/authentication.go:230.4,231.20 2 0
github.com/LukeHagar/plexgo/authentication.go:232.11,234.18 2 0
github.com/LukeHagar/plexgo/authentication.go:234.18,236.5 1 0
github.com/LukeHagar/plexgo/authentication.go:237.4,237.169 1 0
github.com/LukeHagar/plexgo/authentication.go:239.61,241.17 2 0
github.com/LukeHagar/plexgo/authentication.go:241.17,243.4 1 0
github.com/LukeHagar/plexgo/authentication.go:244.3,244.104 1 0
github.com/LukeHagar/plexgo/authentication.go:245.61,247.17 2 0
github.com/LukeHagar/plexgo/authentication.go:247.17,249.4 1 0
github.com/LukeHagar/plexgo/authentication.go:250.3,250.104 1 0
github.com/LukeHagar/plexgo/authentication.go:251.10,253.17 2 0
github.com/LukeHagar/plexgo/authentication.go:253.17,255.4 1 0
github.com/LukeHagar/plexgo/authentication.go:256.3,256.114 1 0
github.com/LukeHagar/plexgo/authentication.go:259.2,259.17 1 0
github.com/LukeHagar/plexgo/authentication.go:266.180,277.27 4 0
github.com/LukeHagar/plexgo/authentication.go:277.27,278.54 1 0
github.com/LukeHagar/plexgo/authentication.go:278.54,280.4 1 0
github.com/LukeHagar/plexgo/authentication.go:283.2,284.24 2 0
github.com/LukeHagar/plexgo/authentication.go:284.24,286.3 1 0
github.com/LukeHagar/plexgo/authentication.go:286.8,288.3 1 0
github.com/LukeHagar/plexgo/authentication.go:289.2,290.16 2 0
github.com/LukeHagar/plexgo/authentication.go:290.16,292.3 1 0
github.com/LukeHagar/plexgo/authentication.go:294.2,303.20 3 0
github.com/LukeHagar/plexgo/authentication.go:303.20,305.3 1 0
github.com/LukeHagar/plexgo/authentication.go:307.2,307.20 1 0
github.com/LukeHagar/plexgo/authentication.go:307.20,311.3 3 0
github.com/LukeHagar/plexgo/authentication.go:313.2,314.16 2 0
github.com/LukeHagar/plexgo/authentication.go:314.16,316.3 1 0
github.com/LukeHagar/plexgo/authentication.go:317.2,320.74 3 0
github.com/LukeHagar/plexgo/authentication.go:320.74,322.3 1 0
github.com/LukeHagar/plexgo/authentication.go:324.2,324.86 1 0
github.com/LukeHagar/plexgo/authentication.go:324.86,326.3 1 0
github.com/LukeHagar/plexgo/authentication.go:328.2,328.33 1 0
github.com/LukeHagar/plexgo/authentication.go:328.33,330.3 1 0
github.com/LukeHagar/plexgo/authentication.go:332.2,334.24 3 0
github.com/LukeHagar/plexgo/authentication.go:334.24,335.31 1 0
github.com/LukeHagar/plexgo/authentication.go:335.31,337.4 1 0
github.com/LukeHagar/plexgo/authentication.go:340.2,341.24 2 0
github.com/LukeHagar/plexgo/authentication.go:341.24,351.37 1 0
github.com/LukeHagar/plexgo/authentication.go:351.37,352.23 1 0
github.com/LukeHagar/plexgo/authentication.go:352.23,354.19 2 0
github.com/LukeHagar/plexgo/authentication.go:354.19,356.6 1 0
github.com/LukeHagar/plexgo/authentication.go:357.5,357.24 1 0
github.com/LukeHagar/plexgo/authentication.go:360.4,361.18 2 0
github.com/LukeHagar/plexgo/authentication.go:361.18,362.67 1 0
github.com/LukeHagar/plexgo/authentication.go:362.67,364.6 1 0
github.com/LukeHagar/plexgo/authentication.go:366.5,366.37 1 0
github.com/LukeHagar/plexgo/authentication.go:369.4,370.36 2 0
github.com/LukeHagar/plexgo/authentication.go:370.36,371.19 1 0
github.com/LukeHagar/plexgo/authentication.go:371.19,373.6 1 0
github.com/LukeHagar/plexgo/authentication.go:373.11,375.6 1 0
github.com/LukeHagar/plexgo/authentication.go:377.5,377.106 1 0
github.com/LukeHagar/plexgo/authentication.go:379.4,379.23 1 0
github.com/LukeHagar/plexgo/authentication.go:382.3,382.17 1 0
github.com/LukeHagar/plexgo/authentication.go:382.17,384.4 1 0
github.com/LukeHagar/plexgo/authentication.go:384.9,386.18 2 0
github.com/LukeHagar/plexgo/authentication.go:386.18,388.5 1 0
github.com/LukeHagar/plexgo/authentication.go:390.8,392.17 2 0
github.com/LukeHagar/plexgo/authentication.go:392.17,394.4 1 0
github.com/LukeHagar/plexgo/authentication.go:396.3,397.35 2 0
github.com/LukeHagar/plexgo/authentication.go:397.35,398.18 1 0
github.com/LukeHagar/plexgo/authentication.go:398.18,400.5 1 0
github.com/LukeHagar/plexgo/authentication.go:400.10,402.5 1 0
github.com/LukeHagar/plexgo/authentication.go:404.4,405.19 2 0
github.com/LukeHagar/plexgo/authentication.go:406.9,406.94 1 0
github.com/LukeHagar/plexgo/authentication.go:406.94,408.18 2 0
github.com/LukeHagar/plexgo/authentication.go:408.18,410.5 1 0
github.com/LukeHagar/plexgo/authentication.go:410.10,410.30 1 0
github.com/LukeHagar/plexgo/authentication.go:410.30,412.5 1 0
github.com/LukeHagar/plexgo/authentication.go:413.9,415.18 2 0
github.com/LukeHagar/plexgo/authentication.go:415.18,417.5 1 0
github.com/LukeHagar/plexgo/authentication.go:421.2,427.9 2 0
github.com/LukeHagar/plexgo/authentication.go:428.33,428.33 0 0
github.com/LukeHagar/plexgo/authentication.go:429.33,430.10 1 0
github.com/LukeHagar/plexgo/authentication.go:431.87,433.18 2 0
github.com/LukeHagar/plexgo/authentication.go:433.18,435.5 1 0
github.com/LukeHagar/plexgo/authentication.go:437.4,438.98 2 0
github.com/LukeHagar/plexgo/authentication.go:438.98,440.5 1 0
github.com/LukeHagar/plexgo/authentication.go:442.4,443.20 2 0
github.com/LukeHagar/plexgo/authentication.go:444.11,446.18 2 0
github.com/LukeHagar/plexgo/authentication.go:446.18,448.5 1 0
github.com/LukeHagar/plexgo/authentication.go:449.4,449.169 1 0
github.com/LukeHagar/plexgo/authentication.go:451.33,452.10 1 0
github.com/LukeHagar/plexgo/authentication.go:453.87,455.18 2 0
github.com/LukeHagar/plexgo/authentication.go:455.18,457.5 1 0
github.com/LukeHagar/plexgo/authentication.go:459.4,460.98 2 0
github.com/LukeHagar/plexgo/authentication.go:460.98,462.5 1 0
github.com/LukeHagar/plexgo/authentication.go:464.4,465.20 2 0
github.com/LukeHagar/plexgo/authentication.go:466.11,468.18 2 0
github.com/LukeHagar/plexgo/authentication.go:468.18,470.5 1 0
github.com/LukeHagar/plexgo/authentication.go:471.4,471.169 1 0
github.com/LukeHagar/plexgo/authentication.go:473.61,475.17 2 0
github.com/LukeHagar/plexgo/authentication.go:475.17,477.4 1 0
github.com/LukeHagar/plexgo/authentication.go:478.3,478.104 1 0
github.com/LukeHagar/plexgo/authentication.go:479.61,481.17 2 0
github.com/LukeHagar/plexgo/authentication.go:481.17,483.4 1 0
github.com/LukeHagar/plexgo/authentication.go:484.3,484.104 1 0
github.com/LukeHagar/plexgo/authentication.go:485.10,487.17 2 0
github.com/LukeHagar/plexgo/authentication.go:487.17,489.4 1 0
github.com/LukeHagar/plexgo/authentication.go:490.3,490.114 1 0
github.com/LukeHagar/plexgo/authentication.go:493.2,493.17 1 0
github.com/LukeHagar/plexgo/authentication.go:499.135,506.27 3 0
github.com/LukeHagar/plexgo/authentication.go:506.27,507.54 1 0
github.com/LukeHagar/plexgo/authentication.go:507.54,509.4 1 0
github.com/LukeHagar/plexgo/authentication.go:512.2,513.24 2 0
github.com/LukeHagar/plexgo/authentication.go:513.24,515.3 1 0
github.com/LukeHagar/plexgo/authentication.go:517.2,518.16 2 0
github.com/LukeHagar/plexgo/authentication.go:518.16,520.3 1 0
github.com/LukeHagar/plexgo/authentication.go:522.2,531.20 3 0
github.com/LukeHagar/plexgo/authentication.go:531.20,533.3 1 0
github.com/LukeHagar/plexgo/authentication.go:535.2,535.20 1 0
github.com/LukeHagar/plexgo/authentication.go:535.20,539.3 3 0
github.com/LukeHagar/plexgo/authentication.go:541.2,542.16 2 0
github.com/LukeHagar/plexgo/authentication.go:542.16,544.3 1 0
github.com/LukeHagar/plexgo/authentication.go:545.2,548.86 3 0
github.com/LukeHagar/plexgo/authentication.go:548.86,550.3 1 0
github.com/LukeHagar/plexgo/authentication.go:552.2,552.33 1 0
github.com/LukeHagar/plexgo/authentication.go:552.33,554.3 1 0
github.com/LukeHagar/plexgo/authentication.go:556.2,558.24 3 0
github.com/LukeHagar/plexgo/authentication.go:558.24,559.31 1 0
github.com/LukeHagar/plexgo/authentication.go:559.31,561.4 1 0
github.com/LukeHagar/plexgo/authentication.go:564.2,565.24 2 0
github.com/LukeHagar/plexgo/authentication.go:565.24,575.37 1 0
github.com/LukeHagar/plexgo/authentication.go:575.37,576.23 1 0
github.com/LukeHagar/plexgo/authentication.go:576.23,578.19 2 0
github.com/LukeHagar/plexgo/authentication.go:578.19,580.6 1 0
github.com/LukeHagar/plexgo/authentication.go:581.5,581.24 1 0
github.com/LukeHagar/plexgo/authentication.go:584.4,585.18 2 0
github.com/LukeHagar/plexgo/authentication.go:585.18,586.67 1 0
github.com/LukeHagar/plexgo/authentication.go:586.67,588.6 1 0
github.com/LukeHagar/plexgo/authentication.go:590.5,590.37 1 0
github.com/LukeHagar/plexgo/authentication.go:593.4,594.36 2 0
github.com/LukeHagar/plexgo/authentication.go:594.36,595.19 1 0
github.com/LukeHagar/plexgo/authentication.go:595.19,597.6 1 0
github.com/LukeHagar/plexgo/authentication.go:597.11,599.6 1 0
github.com/LukeHagar/plexgo/authentication.go:601.5,601.106 1 0
github.com/LukeHagar/plexgo/authentication.go:603.4,603.23 1 0
github.com/LukeHagar/plexgo/authentication.go:606.3,606.17 1 0
github.com/LukeHagar/plexgo/authentication.go:606.17,608.4 1 0
github.com/LukeHagar/plexgo/authentication.go:608.9,610.18 2 0
github.com/LukeHagar/plexgo/authentication.go:610.18,612.5 1 0
github.com/LukeHagar/plexgo/authentication.go:614.8,616.17 2 0
github.com/LukeHagar/plexgo/authentication.go:616.17,618.4 1 0
github.com/LukeHagar/plexgo/authentication.go:620.3,621.35 2 0
github.com/LukeHagar/plexgo/authentication.go:621.35,622.18 1 0
github.com/LukeHagar/plexgo/authentication.go:622.18,624.5 1 0
github.com/LukeHagar/plexgo/authentication.go:624.10,626.5 1 0
github.com/LukeHagar/plexgo/authentication.go:628.4,629.19 2 0
github.com/LukeHagar/plexgo/authentication.go:630.9,630.94 1 0
github.com/LukeHagar/plexgo/authentication.go:630.94,632.18 2 0
github.com/LukeHagar/plexgo/authentication.go:632.18,634.5 1 0
github.com/LukeHagar/plexgo/authentication.go:634.10,634.30 1 0
github.com/LukeHagar/plexgo/authentication.go:634.30,636.5 1 0
github.com/LukeHagar/plexgo/authentication.go:637.9,639.18 2 0
github.com/LukeHagar/plexgo/authentication.go:639.18,641.5 1 0
github.com/LukeHagar/plexgo/authentication.go:645.2,651.9 2 0
github.com/LukeHagar/plexgo/authentication.go:652.33,653.10 1 0
github.com/LukeHagar/plexgo/authentication.go:654.87,656.18 2 0
github.com/LukeHagar/plexgo/authentication.go:656.18,658.5 1 0
github.com/LukeHagar/plexgo/authentication.go:660.4,661.98 2 0
github.com/LukeHagar/plexgo/authentication.go:661.98,663.5 1 0
github.com/LukeHagar/plexgo/authentication.go:665.4,665.30 1 0
github.com/LukeHagar/plexgo/authentication.go:666.11,668.18 2 0
github.com/LukeHagar/plexgo/authentication.go:668.18,670.5 1 0
github.com/LukeHagar/plexgo/authentication.go:671.4,671.169 1 0
github.com/LukeHagar/plexgo/authentication.go:673.33,674.10 1 0
github.com/LukeHagar/plexgo/authentication.go:675.87,677.18 2 0
github.com/LukeHagar/plexgo/authentication.go:677.18,679.5 1 0
github.com/LukeHagar/plexgo/authentication.go:681.4,682.98 2 0
github.com/LukeHagar/plexgo/authentication.go:682.98,684.5 1 0
github.com/LukeHagar/plexgo/authentication.go:686.4,687.20 2 0
github.com/LukeHagar/plexgo/authentication.go:688.11,690.18 2 0
github.com/LukeHagar/plexgo/authentication.go:690.18,692.5 1 0
github.com/LukeHagar/plexgo/authentication.go:693.4,693.169 1 0
github.com/LukeHagar/plexgo/authentication.go:695.33,696.10 1 0
github.com/LukeHagar/plexgo/authentication.go:697.87,699.18 2 0
github.com/LukeHagar/plexgo/authentication.go:699.18,701.5 1 0
github.com/LukeHagar/plexgo/authentication.go:703.4,704.98 2 0
github.com/LukeHagar/plexgo/authentication.go:704.98,706.5 1 0
github.com/LukeHagar/plexgo/authentication.go:708.4,709.20 2 0
github.com/LukeHagar/plexgo/authentication.go:710.11,712.18 2 0
github.com/LukeHagar/plexgo/authentication.go:712.18,714.5 1 0
github.com/LukeHagar/plexgo/authentication.go:715.4,715.169 1 0
github.com/LukeHagar/plexgo/authentication.go:717.61,719.17 2 0
github.com/LukeHagar/plexgo/authentication.go:719.17,721.4 1 0
github.com/LukeHagar/plexgo/authentication.go:722.3,722.104 1 0
github.com/LukeHagar/plexgo/authentication.go:723.61,725.17 2 0
github.com/LukeHagar/plexgo/authentication.go:725.17,727.4 1 0
github.com/LukeHagar/plexgo/authentication.go:728.3,728.104 1 0
github.com/LukeHagar/plexgo/authentication.go:729.10,731.17 2 0
github.com/LukeHagar/plexgo/authentication.go:731.17,733.4 1 0
github.com/LukeHagar/plexgo/authentication.go:734.3,734.114 1 0
github.com/LukeHagar/plexgo/authentication.go:737.2,737.17 1 0
github.com/LukeHagar/plexgo/authentication.go:743.190,750.27 3 0
github.com/LukeHagar/plexgo/authentication.go:750.27,751.54 1 0
github.com/LukeHagar/plexgo/authentication.go:751.54,753.4 1 0
github.com/LukeHagar/plexgo/authentication.go:756.2,757.24 2 0
github.com/LukeHagar/plexgo/authentication.go:757.24,759.3 1 0
github.com/LukeHagar/plexgo/authentication.go:761.2,762.16 2 0
github.com/LukeHagar/plexgo/authentication.go:762.16,764.3 1 0
github.com/LukeHagar/plexgo/authentication.go:766.2,774.16 3 0
github.com/LukeHagar/plexgo/authentication.go:774.16,776.3 1 0
github.com/LukeHagar/plexgo/authentication.go:778.2,779.20 2 0
github.com/LukeHagar/plexgo/authentication.go:779.20,781.3 1 0
github.com/LukeHagar/plexgo/authentication.go:783.2,783.20 1 0
github.com/LukeHagar/plexgo/authentication.go:783.20,787.3 3 0
github.com/LukeHagar/plexgo/authentication.go:789.2,790.16 2 0
github.com/LukeHagar/plexgo/authentication.go:790.16,792.3 1 0
github.com/LukeHagar/plexgo/authentication.go:793.2,795.26 3 0
github.com/LukeHagar/plexgo/authentication.go:795.26,797.3 1 0
github.com/LukeHagar/plexgo/authentication.go:799.2,801.33 2 0
github.com/LukeHagar/plexgo/authentication.go:801.33,803.3 1 0
github.com/LukeHagar/plexgo/authentication.go:805.2,807.24 3 0
github.com/LukeHagar/plexgo/authentication.go:807.24,808.31 1 0
github.com/LukeHagar/plexgo/authentication.go:808.31,810.4 1 0
github.com/LukeHagar/plexgo/authentication.go:813.2,814.24 2 0
github.com/LukeHagar/plexgo/authentication.go:814.24,824.37 1 0
github.com/LukeHagar/plexgo/authentication.go:824.37,825.23 1 0
github.com/LukeHagar/plexgo/authentication.go:825.23,827.19 2 0
github.com/LukeHagar/plexgo/authentication.go:827.19,829.6 1 0
github.com/LukeHagar/plexgo/authentication.go:830.5,830.24 1 0
github.com/LukeHagar/plexgo/authentication.go:833.4,834.18 2 0
github.com/LukeHagar/plexgo/authentication.go:834.18,835.67 1 0
github.com/LukeHagar/plexgo/authentication.go:835.67,837.6 1 0
github.com/LukeHagar/plexgo/authentication.go:839.5,839.37 1 0
github.com/LukeHagar/plexgo/authentication.go:842.4,843.36 2 0
github.com/LukeHagar/plexgo/authentication.go:843.36,844.19 1 0
github.com/LukeHagar/plexgo/authentication.go:844.19,846.6 1 0
github.com/LukeHagar/plexgo/authentication.go:846.11,848.6 1 0
github.com/LukeHagar/plexgo/authentication.go:850.5,850.106 1 0
github.com/LukeHagar/plexgo/authentication.go:852.4,852.23 1 0
github.com/LukeHagar/plexgo/authentication.go:855.3,855.17 1 0
github.com/LukeHagar/plexgo/authentication.go:855.17,857.4 1 0
github.com/LukeHagar/plexgo/authentication.go:857.9,859.18 2 0
github.com/LukeHagar/plexgo/authentication.go:859.18,861.5 1 0
github.com/LukeHagar/plexgo/authentication.go:863.8,865.17 2 0
github.com/LukeHagar/plexgo/authentication.go:865.17,867.4 1 0
github.com/LukeHagar/plexgo/authentication.go:869.3,870.35 2 0
github.com/LukeHagar/plexgo/authentication.go:870.35,871.18 1 0
github.com/LukeHagar/plexgo/authentication.go:871.18,873.5 1 0
github.com/LukeHagar/plexgo/authentication.go:873.10,875.5 1 0
github.com/LukeHagar/plexgo/authentication.go:877.4,878.19 2 0
github.com/LukeHagar/plexgo/authentication.go:879.9,879.94 1 0
github.com/LukeHagar/plexgo/authentication.go:879.94,881.18 2 0
github.com/LukeHagar/plexgo/authentication.go:881.18,883.5 1 0
github.com/LukeHagar/plexgo/authentication.go:883.10,883.30 1 0
github.com/LukeHagar/plexgo/authentication.go:883.30,885.5 1 0
github.com/LukeHagar/plexgo/authentication.go:886.9,888.18 2 0
github.com/LukeHagar/plexgo/authentication.go:888.18,890.5 1 0
github.com/LukeHagar/plexgo/authentication.go:894.2,900.9 2 0
github.com/LukeHagar/plexgo/authentication.go:901.33,902.10 1 0
github.com/LukeHagar/plexgo/authentication.go:903.87,905.18 2 0
github.com/LukeHagar/plexgo/authentication.go:905.18,907.5 1 0
github.com/LukeHagar/plexgo/authentication.go:909.4,910.98 2 0
github.com/LukeHagar/plexgo/authentication.go:910.98,912.5 1 0
github.com/LukeHagar/plexgo/authentication.go:914.4,914.30 1 0
github.com/LukeHagar/plexgo/authentication.go:915.11,917.18 2 0
github.com/LukeHagar/plexgo/authentication.go:917.18,919.5 1 0
github.com/LukeHagar/plexgo/authentication.go:920.4,920.169 1 0
github.com/LukeHagar/plexgo/authentication.go:922.33,923.10 1 0
github.com/LukeHagar/plexgo/authentication.go:924.87,926.18 2 0
github.com/LukeHagar/plexgo/authentication.go:926.18,928.5 1 0
github.com/LukeHagar/plexgo/authentication.go:930.4,931.98 2 0
github.com/LukeHagar/plexgo/authentication.go:931.98,933.5 1 0
github.com/LukeHagar/plexgo/authentication.go:935.4,936.20 2 0
github.com/LukeHagar/plexgo/authentication.go:937.11,939.18 2 0
github.com/LukeHagar/plexgo/authentication.go:939.18,941.5 1 0
github.com/LukeHagar/plexgo/authentication.go:942.4,942.169 1 0
github.com/LukeHagar/plexgo/authentication.go:944.33,945.10 1 0
github.com/LukeHagar/plexgo/authentication.go:946.87,948.18 2 0
github.com/LukeHagar/plexgo/authentication.go:948.18,950.5 1 0
github.com/LukeHagar/plexgo/authentication.go:952.4,953.98 2 0
github.com/LukeHagar/plexgo/authentication.go:953.98,955.5 1 0
github.com/LukeHagar/plexgo/authentication.go:957.4,958.20 2 0
github.com/LukeHagar/plexgo/authentication.go:959.11,961.18 2 0
github.com/LukeHagar/plexgo/authentication.go:961.18,963.5 1 0
github.com/LukeHagar/plexgo/authentication.go:964.4,964.169 1 0
github.com/LukeHagar/plexgo/authentication.go:966.61,968.17 2 0
github.com/LukeHagar/plexgo/authentication.go:968.17,970.4 1 0
github.com/LukeHagar/plexgo/authentication.go:971.3,971.104 1 0
github.com/LukeHagar/plexgo/authentication.go:972.61,974.17 2 0
github.com/LukeHagar/plexgo/authentication.go:974.17,976.4 1 0
github.com/LukeHagar/plexgo/authentication.go:977.3,977.104 1 0
github.com/LukeHagar/plexgo/authentication.go:978.10,980.17 2 0
github.com/LukeHagar/plexgo/authentication.go:980.17,982.4 1 0
github.com/LukeHagar/plexgo/authentication.go:983.3,983.114 1 0
github.com/LukeHagar/plexgo/authentication.go:986.2,986.17 1 0
github.com/LukeHagar/plexgo/butler.go:23.52,27.2 1 1
github.com/LukeHagar/plexgo/butler.go:31.125,38.27 3 0
github.com/LukeHagar/plexgo/butler.go:38.27,39.54 1 0
github.com/LukeHagar/plexgo/butler.go:39.54,41.4 1 0
github.com/LukeHagar/plexgo/butler.go:44.2,45.24 2 0
github.com/LukeHagar/plexgo/butler.go:45.24,47.3 1 0
github.com/LukeHagar/plexgo/butler.go:47.8,49.3 1 0
github.com/LukeHagar/plexgo/butler.go:50.2,51.16 2 0
github.com/LukeHagar/plexgo/butler.go:51.16,53.3 1 0
github.com/LukeHagar/plexgo/butler.go:55.2,64.20 3 0
github.com/LukeHagar/plexgo/butler.go:64.20,66.3 1 0
github.com/LukeHagar/plexgo/butler.go:68.2,68.20 1 0
github.com/LukeHagar/plexgo/butler.go:68.20,72.3 3 0
github.com/LukeHagar/plexgo/butler.go:74.2,75.16 2 0
github.com/LukeHagar/plexgo/butler.go:75.16,77.3 1 0
github.com/LukeHagar/plexgo/butler.go:78.2,81.86 3 0
github.com/LukeHagar/plexgo/butler.go:81.86,83.3 1 0
github.com/LukeHagar/plexgo/butler.go:85.2,85.33 1 0
github.com/LukeHagar/plexgo/butler.go:85.33,87.3 1 0
github.com/LukeHagar/plexgo/butler.go:89.2,91.24 3 0
github.com/LukeHagar/plexgo/butler.go:91.24,92.31 1 0
github.com/LukeHagar/plexgo/butler.go:92.31,94.4 1 0
github.com/LukeHagar/plexgo/butler.go:97.2,98.24 2 0
github.com/LukeHagar/plexgo/butler.go:98.24,108.37 1 0
github.com/LukeHagar/plexgo/butler.go:108.37,109.23 1 0
github.com/LukeHagar/plexgo/butler.go:109.23,111.19 2 0
github.com/LukeHagar/plexgo/butler.go:111.19,113.6 1 0
github.com/LukeHagar/plexgo/butler.go:114.5,114.24 1 0
github.com/LukeHagar/plexgo/butler.go:117.4,118.18 2 0
github.com/LukeHagar/plexgo/butler.go:118.18,119.67 1 0
github.com/LukeHagar/plexgo/butler.go:119.67,121.6 1 0
github.com/LukeHagar/plexgo/butler.go:123.5,123.37 1 0
github.com/LukeHagar/plexgo/butler.go:126.4,127.36 2 0
github.com/LukeHagar/plexgo/butler.go:127.36,128.19 1 0
github.com/LukeHagar/plexgo/butler.go:128.19,130.6 1 0
github.com/LukeHagar/plexgo/butler.go:130.11,132.6 1 0
github.com/LukeHagar/plexgo/butler.go:134.5,134.106 1 0
github.com/LukeHagar/plexgo/butler.go:136.4,136.23 1 0
github.com/LukeHagar/plexgo/butler.go:139.3,139.17 1 0
github.com/LukeHagar/plexgo/butler.go:139.17,141.4 1 0
github.com/LukeHagar/plexgo/butler.go:141.9,143.18 2 0
github.com/LukeHagar/plexgo/butler.go:143.18,145.5 1 0
github.com/LukeHagar/plexgo/butler.go:147.8,149.17 2 0
github.com/LukeHagar/plexgo/butler.go:149.17,151.4 1 0
github.com/LukeHagar/plexgo/butler.go:153.3,154.35 2 0
github.com/LukeHagar/plexgo/butler.go:154.35,155.18 1 0
github.com/LukeHagar/plexgo/butler.go:155.18,157.5 1 0
github.com/LukeHagar/plexgo/butler.go:157.10,159.5 1 0
github.com/LukeHagar/plexgo/butler.go:161.4,162.19 2 0
github.com/LukeHagar/plexgo/butler.go:163.9,163.94 1 0
github.com/LukeHagar/plexgo/butler.go:163.94,165.18 2 0
github.com/LukeHagar/plexgo/butler.go:165.18,167.5 1 0
github.com/LukeHagar/plexgo/butler.go:167.10,167.30 1 0
github.com/LukeHagar/plexgo/butler.go:167.30,169.5 1 0
github.com/LukeHagar/plexgo/butler.go:170.9,172.18 2 0
github.com/LukeHagar/plexgo/butler.go:172.18,174.5 1 0
github.com/LukeHagar/plexgo/butler.go:178.2,184.9 2 0
github.com/LukeHagar/plexgo/butler.go:185.33,186.10 1 0
github.com/LukeHagar/plexgo/butler.go:187.87,189.18 2 0
github.com/LukeHagar/plexgo/butler.go:189.18,191.5 1 0
github.com/LukeHagar/plexgo/butler.go:193.4,194.98 2 0
github.com/LukeHagar/plexgo/butler.go:194.98,196.5 1 0
github.com/LukeHagar/plexgo/butler.go:198.4,198.21 1 0
github.com/LukeHagar/plexgo/butler.go:199.11,201.18 2 0
github.com/LukeHagar/plexgo/butler.go:201.18,203.5 1 0
github.com/LukeHagar/plexgo/butler.go:204.4,204.169 1 0
github.com/LukeHagar/plexgo/butler.go:206.33,207.10 1 0
github.com/LukeHagar/plexgo/butler.go:208.87,210.18 2 0
github.com/LukeHagar/plexgo/butler.go:210.18,212.5 1 0
github.com/LukeHagar/plexgo/butler.go:214.4,215.98 2 0
github.com/LukeHagar/plexgo/butler.go:215.98,217.5 1 0
github.com/LukeHagar/plexgo/butler.go:219.4,220.20 2 0
github.com/LukeHagar/plexgo/butler.go:221.11,223.18 2 0
github.com/LukeHagar/plexgo/butler.go:223.18,225.5 1 0
github.com/LukeHagar/plexgo/butler.go:226.4,226.169 1 0
github.com/LukeHagar/plexgo/butler.go:228.33,229.10 1 0
github.com/LukeHagar/plexgo/butler.go:230.87,232.18 2 0
github.com/LukeHagar/plexgo/butler.go:232.18,234.5 1 0
github.com/LukeHagar/plexgo/butler.go:236.4,237.98 2 0
github.com/LukeHagar/plexgo/butler.go:237.98,239.5 1 0
github.com/LukeHagar/plexgo/butler.go:241.4,242.20 2 0
github.com/LukeHagar/plexgo/butler.go:243.11,245.18 2 0
github.com/LukeHagar/plexgo/butler.go:245.18,247.5 1 0
github.com/LukeHagar/plexgo/butler.go:248.4,248.169 1 0
github.com/LukeHagar/plexgo/butler.go:250.61,252.17 2 0
github.com/LukeHagar/plexgo/butler.go:252.17,254.4 1 0
github.com/LukeHagar/plexgo/butler.go:255.3,255.104 1 0
github.com/LukeHagar/plexgo/butler.go:256.61,258.17 2 0
github.com/LukeHagar/plexgo/butler.go:258.17,260.4 1 0
github.com/LukeHagar/plexgo/butler.go:261.3,261.104 1 0
github.com/LukeHagar/plexgo/butler.go:262.10,264.17 2 0
github.com/LukeHagar/plexgo/butler.go:264.17,266.4 1 0
github.com/LukeHagar/plexgo/butler.go:267.3,267.114 1 0
github.com/LukeHagar/plexgo/butler.go:270.2,270.17 1 0
github.com/LukeHagar/plexgo/butler.go:280.123,287.27 3 0
github.com/LukeHagar/plexgo/butler.go:287.27,288.54 1 0
github.com/LukeHagar/plexgo/butler.go:288.54,290.4 1 0
github.com/LukeHagar/plexgo/butler.go:293.2,294.24 2 0
github.com/LukeHagar/plexgo/butler.go:294.24,296.3 1 0
github.com/LukeHagar/plexgo/butler.go:296.8,298.3 1 0
github.com/LukeHagar/plexgo/butler.go:299.2,300.16 2 0
github.com/LukeHagar/plexgo/butler.go:300.16,302.3 1 0
github.com/LukeHagar/plexgo/butler.go:304.2,313.20 3 0
github.com/LukeHagar/plexgo/butler.go:313.20,315.3 1 0
github.com/LukeHagar/plexgo/butler.go:317.2,317.20 1 0
github.com/LukeHagar/plexgo/butler.go:317.20,321.3 3 0
github.com/LukeHagar/plexgo/butler.go:323.2,324.16 2 0
github.com/LukeHagar/plexgo/butler.go:324.16,326.3 1 0
github.com/LukeHagar/plexgo/butler.go:327.2,330.86 3 0
github.com/LukeHagar/plexgo/butler.go:330.86,332.3 1 0
github.com/LukeHagar/plexgo/butler.go:334.2,334.33 1 0
github.com/LukeHagar/plexgo/butler.go:334.33,336.3 1 0
github.com/LukeHagar/plexgo/butler.go:338.2,340.24 3 0
github.com/LukeHagar/plexgo/butler.go:340.24,341.31 1 0
github.com/LukeHagar/plexgo/butler.go:341.31,343.4 1 0
github.com/LukeHagar/plexgo/butler.go:346.2,347.24 2 0
github.com/LukeHagar/plexgo/butler.go:347.24,357.37 1 0
github.com/LukeHagar/plexgo/butler.go:357.37,358.23 1 0
github.com/LukeHagar/plexgo/butler.go:358.23,360.19 2 0
github.com/LukeHagar/plexgo/butler.go:360.19,362.6 1 0
github.com/LukeHagar/plexgo/butler.go:363.5,363.24 1 0
github.com/LukeHagar/plexgo/butler.go:366.4,367.18 2 0
github.com/LukeHagar/plexgo/butler.go:367.18,368.67 1 0
github.com/LukeHagar/plexgo/butler.go:368.67,370.6 1 0
github.com/LukeHagar/plexgo/butler.go:372.5,372.37 1 0
github.com/LukeHagar/plexgo/butler.go:375.4,376.36 2 0
github.com/LukeHagar/plexgo/butler.go:376.36,377.19 1 0
github.com/LukeHagar/plexgo/butler.go:377.19,379.6 1 0
github.com/LukeHagar/plexgo/butler.go:379.11,381.6 1 0
github.com/LukeHagar/plexgo/butler.go:383.5,383.106 1 0
github.com/LukeHagar/plexgo/butler.go:385.4,385.23 1 0
github.com/LukeHagar/plexgo/butler.go:388.3,388.17 1 0
github.com/LukeHagar/plexgo/butler.go:388.17,390.4 1 0
github.com/LukeHagar/plexgo/butler.go:390.9,392.18 2 0
github.com/LukeHagar/plexgo/butler.go:392.18,394.5 1 0
github.com/LukeHagar/plexgo/butler.go:396.8,398.17 2 0
github.com/LukeHagar/plexgo/butler.go:398.17,400.4 1 0
github.com/LukeHagar/plexgo/butler.go:402.3,403.35 2 0
github.com/LukeHagar/plexgo/butler.go:403.35,404.18 1 0
github.com/LukeHagar/plexgo/butler.go:404.18,406.5 1 0
github.com/LukeHagar/plexgo/butler.go:406.10,408.5 1 0
github.com/LukeHagar/plexgo/butler.go:410.4,411.19 2 0
github.com/LukeHagar/plexgo/butler.go:412.9,412.94 1 0
github.com/LukeHagar/plexgo/butler.go:412.94,414.18 2 0
github.com/LukeHagar/plexgo/butler.go:414.18,416.5 1 0
github.com/LukeHagar/plexgo/butler.go:416.10,416.30 1 0
github.com/LukeHagar/plexgo/butler.go:416.30,418.5 1 0
github.com/LukeHagar/plexgo/butler.go:419.9,421.18 2 0
github.com/LukeHagar/plexgo/butler.go:421.18,423.5 1 0
github.com/LukeHagar/plexgo/butler.go:427.2,433.9 2 0
github.com/LukeHagar/plexgo/butler.go:434.33,434.33 0 0
github.com/LukeHagar/plexgo/butler.go:435.33,436.10 1 0
github.com/LukeHagar/plexgo/butler.go:437.87,439.18 2 0
github.com/LukeHagar/plexgo/butler.go:439.18,441.5 1 0
github.com/LukeHagar/plexgo/butler.go:443.4,444.98 2 0
github.com/LukeHagar/plexgo/butler.go:444.98,446.5 1 0
github.com/LukeHagar/plexgo/butler.go:448.4,449.20 2 0
github.com/LukeHagar/plexgo/butler.go:450.11,452.18 2 0
github.com/LukeHagar/plexgo/butler.go:452.18,454.5 1 0
github.com/LukeHagar/plexgo/butler.go:455.4,455.169 1 0
github.com/LukeHagar/plexgo/butler.go:457.33,458.10 1 0
github.com/LukeHagar/plexgo/butler.go:459.87,461.18 2 0
github.com/LukeHagar/plexgo/butler.go:461.18,463.5 1 0
github.com/LukeHagar/plexgo/butler.go:465.4,466.98 2 0
github.com/LukeHagar/plexgo/butler.go:466.98,468.5 1 0
github.com/LukeHagar/plexgo/butler.go:470.4,471.20 2 0
github.com/LukeHagar/plexgo/butler.go:472.11,474.18 2 0
github.com/LukeHagar/plexgo/butler.go:474.18,476.5 1 0
github.com/LukeHagar/plexgo/butler.go:477.4,477.169 1 0
github.com/LukeHagar/plexgo/butler.go:479.61,481.17 2 0
github.com/LukeHagar/plexgo/butler.go:481.17,483.4 1 0
github.com/LukeHagar/plexgo/butler.go:484.3,484.104 1 0
github.com/LukeHagar/plexgo/butler.go:485.61,487.17 2 0
github.com/LukeHagar/plexgo/butler.go:487.17,489.4 1 0
github.com/LukeHagar/plexgo/butler.go:490.3,490.104 1 0
github.com/LukeHagar/plexgo/butler.go:491.10,493.17 2 0
github.com/LukeHagar/plexgo/butler.go:493.17,495.4 1 0
github.com/LukeHagar/plexgo/butler.go:496.3,496.114 1 0
github.com/LukeHagar/plexgo/butler.go:499.2,499.17 1 0
github.com/LukeHagar/plexgo/butler.go:505.121,512.27 3 0
github.com/LukeHagar/plexgo/butler.go:512.27,513.54 1 0
github.com/LukeHagar/plexgo/butler.go:513.54,515.4 1 0
github.com/LukeHagar/plexgo/butler.go:518.2,519.24 2 0
github.com/LukeHagar/plexgo/butler.go:519.24,521.3 1 0
github.com/LukeHagar/plexgo/butler.go:521.8,523.3 1 0
github.com/LukeHagar/plexgo/butler.go:524.2,525.16 2 0
github.com/LukeHagar/plexgo/butler.go:525.16,527.3 1 0
github.com/LukeHagar/plexgo/butler.go:529.2,538.20 3 0
github.com/LukeHagar/plexgo/butler.go:538.20,540.3 1 0
github.com/LukeHagar/plexgo/butler.go:542.2,542.20 1 0
github.com/LukeHagar/plexgo/butler.go:542.20,546.3 3 0
github.com/LukeHagar/plexgo/butler.go:548.2,549.16 2 0
github.com/LukeHagar/plexgo/butler.go:549.16,551.3 1 0
github.com/LukeHagar/plexgo/butler.go:552.2,555.86 3 0
github.com/LukeHagar/plexgo/butler.go:555.86,557.3 1 0
github.com/LukeHagar/plexgo/butler.go:559.2,559.33 1 0
github.com/LukeHagar/plexgo/butler.go:559.33,561.3 1 0
github.com/LukeHagar/plexgo/butler.go:563.2,565.24 3 0
github.com/LukeHagar/plexgo/butler.go:565.24,566.31 1 0
github.com/LukeHagar/plexgo/butler.go:566.31,568.4 1 0
github.com/LukeHagar/plexgo/butler.go:571.2,572.24 2 0
github.com/LukeHagar/plexgo/butler.go:572.24,582.37 1 0
github.com/LukeHagar/plexgo/butler.go:582.37,583.23 1 0
github.com/LukeHagar/plexgo/butler.go:583.23,585.19 2 0
github.com/LukeHagar/plexgo/butler.go:585.19,587.6 1 0
github.com/LukeHagar/plexgo/butler.go:588.5,588.24 1 0
github.com/LukeHagar/plexgo/butler.go:591.4,592.18 2 0
github.com/LukeHagar/plexgo/butler.go:592.18,593.67 1 0
github.com/LukeHagar/plexgo/butler.go:593.67,595.6 1 0
github.com/LukeHagar/plexgo/butler.go:597.5,597.37 1 0
github.com/LukeHagar/plexgo/butler.go:600.4,601.36 2 0
github.com/LukeHagar/plexgo/butler.go:601.36,602.19 1 0
github.com/LukeHagar/plexgo/butler.go:602.19,604.6 1 0
github.com/LukeHagar/plexgo/butler.go:604.11,606.6 1 0
github.com/LukeHagar/plexgo/butler.go:608.5,608.106 1 0
github.com/LukeHagar/plexgo/butler.go:610.4,610.23 1 0
github.com/LukeHagar/plexgo/butler.go:613.3,613.17 1 0
github.com/LukeHagar/plexgo/butler.go:613.17,615.4 1 0
github.com/LukeHagar/plexgo/butler.go:615.9,617.18 2 0
github.com/LukeHagar/plexgo/butler.go:617.18,619.5 1 0
github.com/LukeHagar/plexgo/butler.go:621.8,623.17 2 0
github.com/LukeHagar/plexgo/butler.go:623.17,625.4 1 0
github.com/LukeHagar/plexgo/butler.go:627.3,628.35 2 0
github.com/LukeHagar/plexgo/butler.go:628.35,629.18 1 0
github.com/LukeHagar/plexgo/butler.go:629.18,631.5 1 0
github.com/LukeHagar/plexgo/butler.go:631.10,633.5 1 0
github.com/LukeHagar/plexgo/butler.go:635.4,636.19 2 0
github.com/LukeHagar/plexgo/butler.go:637.9,637.94 1 0
github.com/LukeHagar/plexgo/butler.go:637.94,639.18 2 0
github.com/LukeHagar/plexgo/butler.go:639.18,641.5 1 0
github.com/LukeHagar/plexgo/butler.go:641.10,641.30 1 0
github.com/LukeHagar/plexgo/butler.go:641.30,643.5 1 0
github.com/LukeHagar/plexgo/butler.go:644.9,646.18 2 0
github.com/LukeHagar/plexgo/butler.go:646.18,648.5 1 0
github.com/LukeHagar/plexgo/butler.go:652.2,658.9 2 0
github.com/LukeHagar/plexgo/butler.go:659.33,659.33 0 0
github.com/LukeHagar/plexgo/butler.go:660.33,661.10 1 0
github.com/LukeHagar/plexgo/butler.go:662.87,664.18 2 0
github.com/LukeHagar/plexgo/butler.go:664.18,666.5 1 0
github.com/LukeHagar/plexgo/butler.go:668.4,669.98 2 0
github.com/LukeHagar/plexgo/butler.go:669.98,671.5 1 0
github.com/LukeHagar/plexgo/butler.go:673.4,674.20 2 0
github.com/LukeHagar/plexgo/butler.go:675.11,677.18 2 0
github.com/LukeHagar/plexgo/butler.go:677.18,679.5 1 0
github.com/LukeHagar/plexgo/butler.go:680.4,680.169 1 0
github.com/LukeHagar/plexgo/butler.go:682.33,683.10 1 0
github.com/LukeHagar/plexgo/butler.go:684.87,686.18 2 0
github.com/LukeHagar/plexgo/butler.go:686.18,688.5 1 0
github.com/LukeHagar/plexgo/butler.go:690.4,691.98 2 0
github.com/LukeHagar/plexgo/butler.go:691.98,693.5 1 0
github.com/LukeHagar/plexgo/butler.go:695.4,696.20 2 0
github.com/LukeHagar/plexgo/butler.go:697.11,699.18 2 0
github.com/LukeHagar/plexgo/butler.go:699.18,701.5 1 0
github.com/LukeHagar/plexgo/butler.go:702.4,702.169 1 0
github.com/LukeHagar/plexgo/butler.go:704.61,706.17 2 0
github.com/LukeHagar/plexgo/butler.go:706.17,708.4 1 0
github.com/LukeHagar/plexgo/butler.go:709.3,709.104 1 0
github.com/LukeHagar/plexgo/butler.go:710.61,712.17 2 0
github.com/LukeHagar/plexgo/butler.go:712.17,714.4 1 0
github.com/LukeHagar/plexgo/butler.go:715.3,715.104 1 0
github.com/LukeHagar/plexgo/butler.go:716.10,718.17 2 0
github.com/LukeHagar/plexgo/butler.go:718.17,720.4 1 0
github.com/LukeHagar/plexgo/butler.go:721.3,721.114 1 0
github.com/LukeHagar/plexgo/butler.go:724.2,724.17 1 0
github.com/LukeHagar/plexgo/butler.go:734.145,745.27 4 0
github.com/LukeHagar/plexgo/butler.go:745.27,746.54 1 0
github.com/LukeHagar/plexgo/butler.go:746.54,748.4 1 0
github.com/LukeHagar/plexgo/butler.go:751.2,752.24 2 0
github.com/LukeHagar/plexgo/butler.go:752.24,754.3 1 0
github.com/LukeHagar/plexgo/butler.go:754.8,756.3 1 0
github.com/LukeHagar/plexgo/butler.go:757.2,758.16 2 0
github.com/LukeHagar/plexgo/butler.go:758.16,760.3 1 0
github.com/LukeHagar/plexgo/butler.go:762.2,771.20 3 0
github.com/LukeHagar/plexgo/butler.go:771.20,773.3 1 0
github.com/LukeHagar/plexgo/butler.go:775.2,775.20 1 0
github.com/LukeHagar/plexgo/butler.go:775.20,779.3 3 0
github.com/LukeHagar/plexgo/butler.go:781.2,782.16 2 0
github.com/LukeHagar/plexgo/butler.go:782.16,784.3 1 0
github.com/LukeHagar/plexgo/butler.go:785.2,788.86 3 0
github.com/LukeHagar/plexgo/butler.go:788.86,790.3 1 0
github.com/LukeHagar/plexgo/butler.go:792.2,792.33 1 0
github.com/LukeHagar/plexgo/butler.go:792.33,794.3 1 0
github.com/LukeHagar/plexgo/butler.go:796.2,798.24 3 0
github.com/LukeHagar/plexgo/butler.go:798.24,799.31 1 0
github.com/LukeHagar/plexgo/butler.go:799.31,801.4 1 0
github.com/LukeHagar/plexgo/butler.go:804.2,805.24 2 0
github.com/LukeHagar/plexgo/butler.go:805.24,815.37 1 0
github.com/LukeHagar/plexgo/butler.go:815.37,816.23 1 0
github.com/LukeHagar/plexgo/butler.go:816.23,818.19 2 0
github.com/LukeHagar/plexgo/butler.go:818.19,820.6 1 0
github.com/LukeHagar/plexgo/butler.go:821.5,821.24 1 0
github.com/LukeHagar/plexgo/butler.go:824.4,825.18 2 0
github.com/LukeHagar/plexgo/butler.go:825.18,826.67 1 0
github.com/LukeHagar/plexgo/butler.go:826.67,828.6 1 0
github.com/LukeHagar/plexgo/butler.go:830.5,830.37 1 0
github.com/LukeHagar/plexgo/butler.go:833.4,834.36 2 0
github.com/LukeHagar/plexgo/butler.go:834.36,835.19 1 0
github.com/LukeHagar/plexgo/butler.go:835.19,837.6 1 0
github.com/LukeHagar/plexgo/butler.go:837.11,839.6 1 0
github.com/LukeHagar/plexgo/butler.go:841.5,841.106 1 0
github.com/LukeHagar/plexgo/butler.go:843.4,843.23 1 0
github.com/LukeHagar/plexgo/butler.go:846.3,846.17 1 0
github.com/LukeHagar/plexgo/butler.go:846.17,848.4 1 0
github.com/LukeHagar/plexgo/butler.go:848.9,850.18 2 0
github.com/LukeHagar/plexgo/butler.go:850.18,852.5 1 0
github.com/LukeHagar/plexgo/butler.go:854.8,856.17 2 0
github.com/LukeHagar/plexgo/butler.go:856.17,858.4 1 0
github.com/LukeHagar/plexgo/butler.go:860.3,861.35 2 0
github.com/LukeHagar/plexgo/butler.go:861.35,862.18 1 0
github.com/LukeHagar/plexgo/butler.go:862.18,864.5 1 0
github.com/LukeHagar/plexgo/butler.go:864.10,866.5 1 0
github.com/LukeHagar/plexgo/butler.go:868.4,869.19 2 0
github.com/LukeHagar/plexgo/butler.go:870.9,870.94 1 0
github.com/LukeHagar/plexgo/butler.go:870.94,872.18 2 0
github.com/LukeHagar/plexgo/butler.go:872.18,874.5 1 0
github.com/LukeHagar/plexgo/butler.go:874.10,874.30 1 0
github.com/LukeHagar/plexgo/butler.go:874.30,876.5 1 0
github.com/LukeHagar/plexgo/butler.go:877.9,879.18 2 0
github.com/LukeHagar/plexgo/butler.go:879.18,881.5 1 0
github.com/LukeHagar/plexgo/butler.go:885.2,891.9 2 0
github.com/LukeHagar/plexgo/butler.go:892.33,893.14 1 0
github.com/LukeHagar/plexgo/butler.go:894.33,894.33 0 0
github.com/LukeHagar/plexgo/butler.go:895.33,896.10 1 0
github.com/LukeHagar/plexgo/butler.go:897.87,899.18 2 0
github.com/LukeHagar/plexgo/butler.go:899.18,901.5 1 0
github.com/LukeHagar/plexgo/butler.go:903.4,904.98 2 0
github.com/LukeHagar/plexgo/butler.go:904.98,906.5 1 0
github.com/LukeHagar/plexgo/butler.go:908.4,909.20 2 0
github.com/LukeHagar/plexgo/butler.go:910.11,912.18 2 0
github.com/LukeHagar/plexgo/butler.go:912.18,914.5 1 0
github.com/LukeHagar/plexgo/butler.go:915.4,915.169 1 0
github.com/LukeHagar/plexgo/butler.go:917.33,918.10 1 0
github.com/LukeHagar/plexgo/butler.go:919.87,921.18 2 0
github.com/LukeHagar/plexgo/butler.go:921.18,923.5 1 0
github.com/LukeHagar/plexgo/butler.go:925.4,926.98 2 0
github.com/LukeHagar/plexgo/butler.go:926.98,928.5 1 0
github.com/LukeHagar/plexgo/butler.go:930.4,931.20 2 0
github.com/LukeHagar/plexgo/butler.go:932.11,934.18 2 0
github.com/LukeHagar/plexgo/butler.go:934.18,936.5 1 0
github.com/LukeHagar/plexgo/butler.go:937.4,937.169 1 0
github.com/LukeHagar/plexgo/butler.go:939.61,941.17 2 0
github.com/LukeHagar/plexgo/butler.go:941.17,943.4 1 0
github.com/LukeHagar/plexgo/butler.go:944.3,944.104 1 0
github.com/LukeHagar/plexgo/butler.go:945.61,947.17 2 0
github.com/LukeHagar/plexgo/butler.go:947.17,949.4 1 0
github.com/LukeHagar/plexgo/butler.go:950.3,950.104 1 0
github.com/LukeHagar/plexgo/butler.go:951.10,953.17 2 0
github.com/LukeHagar/plexgo/butler.go:953.17,955.4 1 0
github.com/LukeHagar/plexgo/butler.go:956.3,956.114 1 0
github.com/LukeHagar/plexgo/butler.go:959.2,959.17 1 0
github.com/LukeHagar/plexgo/butler.go:965.152,976.27 4 0
github.com/LukeHagar/plexgo/butler.go:976.27,977.54 1 0
github.com/LukeHagar/plexgo/butler.go:977.54,979.4 1 0
github.com/LukeHagar/plexgo/butler.go:982.2,983.24 2 0
github.com/LukeHagar/plexgo/butler.go:983.24,985.3 1 0
github.com/LukeHagar/plexgo/butler.go:985.8,987.3 1 0
github.com/LukeHagar/plexgo/butler.go:988.2,989.16 2 0
github.com/LukeHagar/plexgo/butler.go:989.16,991.3 1 0
github.com/LukeHagar/plexgo/butler.go:993.2,1002.20 3 0
github.com/LukeHagar/plexgo/butler.go:1002.20,1004.3 1 0
github.com/LukeHagar/plexgo/butler.go:1006.2,1006.20 1 0
github.com/LukeHagar/plexgo/butler.go:1006.20,1010.3 3 0
github.com/LukeHagar/plexgo/butler.go:1012.2,1013.16 2 0
github.com/LukeHagar/plexgo/butler.go:1013.16,1015.3 1 0
github.com/LukeHagar/plexgo/butler.go:1016.2,1019.86 3 0
github.com/LukeHagar/plexgo/butler.go:1019.86,1021.3 1 0
github.com/LukeHagar/plexgo/butler.go:1023.2,1023.33 1 0
github.com/LukeHagar/plexgo/butler.go:1023.33,1025.3 1 0
github.com/LukeHagar/plexgo/butler.go:1027.2,1029.24 3 0
github.com/LukeHagar/plexgo/butler.go:1029.24,1030.31 1 0
github.com/LukeHagar/plexgo/butler.go:1030.31,1032.4 1 0
github.com/LukeHagar/plexgo/butler.go:1035.2,1036.24 2 0
github.com/LukeHagar/plexgo/butler.go:1036.24,1046.37 1 0
github.com/LukeHagar/plexgo/butler.go:1046.37,1047.23 1 0
github.com/LukeHagar/plexgo/butler.go:1047.23,1049.19 2 0
github.com/LukeHagar/plexgo/butler.go:1049.19,1051.6 1 0
github.com/LukeHagar/plexgo/butler.go:1052.5,1052.24 1 0
github.com/LukeHagar/plexgo/butler.go:1055.4,1056.18 2 0
github.com/LukeHagar/plexgo/butler.go:1056.18,1057.67 1 0
github.com/LukeHagar/plexgo/butler.go:1057.67,1059.6 1 0
github.com/LukeHagar/plexgo/butler.go:1061.5,1061.37 1 0
github.com/LukeHagar/plexgo/butler.go:1064.4,1065.36 2 0
github.com/LukeHagar/plexgo/butler.go:1065.36,1066.19 1 0
github.com/LukeHagar/plexgo/butler.go:1066.19,1068.6 1 0
github.com/LukeHagar/plexgo/butler.go:1068.11,1070.6 1 0
github.com/LukeHagar/plexgo/butler.go:1072.5,1072.106 1 0
github.com/LukeHagar/plexgo/butler.go:1074.4,1074.23 1 0
github.com/LukeHagar/plexgo/butler.go:1077.3,1077.17 1 0
github.com/LukeHagar/plexgo/butler.go:1077.17,1079.4 1 0
github.com/LukeHagar/plexgo/butler.go:1079.9,1081.18 2 0
github.com/LukeHagar/plexgo/butler.go:1081.18,1083.5 1 0
github.com/LukeHagar/plexgo/butler.go:1085.8,1087.17 2 0
github.com/LukeHagar/plexgo/butler.go:1087.17,1089.4 1 0
github.com/LukeHagar/plexgo/butler.go:1091.3,1092.35 2 0
github.com/LukeHagar/plexgo/butler.go:1092.35,1093.18 1 0
github.com/LukeHagar/plexgo/butler.go:1093.18,1095.5 1 0
github.com/LukeHagar/plexgo/butler.go:1095.10,1097.5 1 0
github.com/LukeHagar/plexgo/butler.go:1099.4,1100.19 2 0
github.com/LukeHagar/plexgo/butler.go:1101.9,1101.101 1 0
github.com/LukeHagar/plexgo/butler.go:1101.101,1103.18 2 0
github.com/LukeHagar/plexgo/butler.go:1103.18,1105.5 1 0
github.com/LukeHagar/plexgo/butler.go:1105.10,1105.30 1 0
github.com/LukeHagar/plexgo/butler.go:1105.30,1107.5 1 0
github.com/LukeHagar/plexgo/butler.go:1108.9,1110.18 2 0
github.com/LukeHagar/plexgo/butler.go:1110.18,1112.5 1 0
github.com/LukeHagar/plexgo/butler.go:1116.2,1122.9 2 0
github.com/LukeHagar/plexgo/butler.go:1123.33,1123.33 0 0
github.com/LukeHagar/plexgo/butler.go:1124.33,1125.10 1 0
github.com/LukeHagar/plexgo/butler.go:1126.87,1128.18 2 0
github.com/LukeHagar/plexgo/butler.go:1128.18,1130.5 1 0
github.com/LukeHagar/plexgo/butler.go:1132.4,1133.98 2 0
github.com/LukeHagar/plexgo/butler.go:1133.98,1135.5 1 0
github.com/LukeHagar/plexgo/butler.go:1137.4,1138.20 2 0
github.com/LukeHagar/plexgo/butler.go:1139.11,1141.18 2 0
github.com/LukeHagar/plexgo/butler.go:1141.18,1143.5 1 0
github.com/LukeHagar/plexgo/butler.go:1144.4,1144.169 1 0
github.com/LukeHagar/plexgo/butler.go:1146.33,1147.10 1 0
github.com/LukeHagar/plexgo/butler.go:1148.87,1150.18 2 0
github.com/LukeHagar/plexgo/butler.go:1150.18,1152.5 1 0
github.com/LukeHagar/plexgo/butler.go:1154.4,1155.98 2 0
github.com/LukeHagar/plexgo/butler.go:1155.98,1157.5 1 0
github.com/LukeHagar/plexgo/butler.go:1159.4,1160.20 2 0
github.com/LukeHagar/plexgo/butler.go:1161.11,1163.18 2 0
github.com/LukeHagar/plexgo/butler.go:1163.18,1165.5 1 0
github.com/LukeHagar/plexgo/butler.go:1166.4,1166.169 1 0
github.com/LukeHagar/plexgo/butler.go:1168.33,1169.14 1 0
github.com/LukeHagar/plexgo/butler.go:1170.61,1172.17 2 0
github.com/LukeHagar/plexgo/butler.go:1172.17,1174.4 1 0
github.com/LukeHagar/plexgo/butler.go:1175.3,1175.104 1 0
github.com/LukeHagar/plexgo/butler.go:1176.61,1178.17 2 0
github.com/LukeHagar/plexgo/butler.go:1178.17,1180.4 1 0
github.com/LukeHagar/plexgo/butler.go:1181.3,1181.104 1 0
github.com/LukeHagar/plexgo/butler.go:1182.10,1184.17 2 0
github.com/LukeHagar/plexgo/butler.go:1184.17,1186.4 1 0
github.com/LukeHagar/plexgo/butler.go:1187.3,1187.114 1 0
github.com/LukeHagar/plexgo/butler.go:1190.2,1190.17 1 0
github.com/LukeHagar/plexgo/collections.go:91.62,95.2 1 1
github.com/LukeHagar/plexgo/collections.go:112.126,116.30 3 1
github.com/LukeHagar/plexgo/collections.go:116.30,119.3 2 1
github.com/LukeHagar/plexgo/collections.go:119.8,121.3 1 0
github.com/LukeHagar/plexgo/collections.go:123.2,124.16 2 1
github.com/LukeHagar/plexgo/collections.go:124.16,126.3 1 0
github.com/LukeHagar/plexgo/collections.go:128.2,137.16 3 1
github.com/LukeHagar/plexgo/collections.go:137.16,139.3 1 0
github.com/LukeHagar/plexgo/collections.go:141.2,144.86 3 1
github.com/LukeHagar/plexgo/collections.go:144.86,146.3 1 0
github.com/LukeHagar/plexgo/collections.go:148.2,149.16 2 1
github.com/LukeHagar/plexgo/collections.go:149.16,151.3 1 0
github.com/LukeHagar/plexgo/collections.go:153.2,154.34 2 1
github.com/LukeHagar/plexgo/collections.go:154.34,155.17 1 0
github.com/LukeHagar/plexgo/collections.go:155.17,157.4 1 0
github.com/LukeHagar/plexgo/collections.go:157.9,159.4 1 0
github.com/LukeHagar/plexgo/collections.go:161.3,162.18 2 0
github.com/LukeHagar/plexgo/collections.go:163.8,163.100 1 1
github.com/LukeHagar/plexgo/collections.go:163.100,165.17 2 0
github.com/LukeHagar/plexgo/collections.go:165.17,167.4 1 0
github.com/LukeHagar/plexgo/collections.go:168.3,168.91 1 0
github.com/LukeHagar/plexgo/collections.go:169.8,171.17 2 1
github.com/LukeHagar/plexgo/collections.go:171.17,173.4 1 0
github.com/LukeHagar/plexgo/collections.go:176.2,177.16 2 1
github.com/LukeHagar/plexgo/collections.go:177.16,179.3 1 0
github.com/LukeHagar/plexgo/collections.go:181.2,182.96 2 1
github.com/LukeHagar/plexgo/collections.go:182.96,184.3 1 0
github.com/LukeHagar/plexgo/collections.go:186.2,186.41 1 1
github.com/LukeHagar/plexgo/collections.go:190.124,194.30 3 1
github.com/LukeHagar/plexgo/collections.go:194.30,197.3 2 1
github.com/LukeHagar/plexgo/collections.go:197.8,199.3 1 0
github.com/LukeHagar/plexgo/collections.go:201.2,202.16 2 1
github.com/LukeHagar/plexgo/collections.go:202.16,204.3 1 0
github.com/LukeHagar/plexgo/collections.go:206.2,215.16 3 1
github.com/LukeHagar/plexgo/collections.go:215.16,217.3 1 0
github.com/LukeHagar/plexgo/collections.go:219.2,222.86 3 1
github.com/LukeHagar/plexgo/collections.go:222.86,224.3 1 0
github.com/LukeHagar/plexgo/collections.go:226.2,227.16 2 1
github.com/LukeHagar/plexgo/collections.go:227.16,229.3 1 0
github.com/LukeHagar/plexgo/collections.go:231.2,232.34 2 1
github.com/LukeHagar/plexgo/collections.go:232.34,233.17 1 0
github.com/LukeHagar/plexgo/collections.go:233.17,235.4 1 0
github.com/LukeHagar/plexgo/collections.go:235.9,237.4 1 0
github.com/LukeHagar/plexgo/collections.go:239.3,240.18 2 0
github.com/LukeHagar/plexgo/collections.go:241.8,241.100 1 1
github.com/LukeHagar/plexgo/collections.go:241.100,243.17 2 0
github.com/LukeHagar/plexgo/collections.go:243.17,245.4 1 0
github.com/LukeHagar/plexgo/collections.go:246.3,246.91 1 0
github.com/LukeHagar/plexgo/collections.go:247.8,249.17 2 1
github.com/LukeHagar/plexgo/collections.go:249.17,251.4 1 0
github.com/LukeHagar/plexgo/collections.go:254.2,255.16 2 1
github.com/LukeHagar/plexgo/collections.go:255.16,257.3 1 0
github.com/LukeHagar/plexgo/collections.go:259.2,260.96 2 1
github.com/LukeHagar/plexgo/collections.go:260.96,262.3 1 0
github.com/LukeHagar/plexgo/collections.go:264.2,264.43 1 1
github.com/LukeHagar/plexgo/collections.go:264.43,266.3 1 0
github.com/LukeHagar/plexgo/collections.go:268.2,268.45 1 1
github.com/LukeHagar/plexgo/collections.go:272.126,276.30 3 1
github.com/LukeHagar/plexgo/collections.go:276.30,279.3 2 1
github.com/LukeHagar/plexgo/collections.go:279.8,281.3 1 0
github.com/LukeHagar/plexgo/collections.go:283.2,284.16 2 1
github.com/LukeHagar/plexgo/collections.go:284.16,286.3 1 0
github.com/LukeHagar/plexgo/collections.go:288.2,297.16 3 1
github.com/LukeHagar/plexgo/collections.go:297.16,299.3 1 0
github.com/LukeHagar/plexgo/collections.go:301.2,304.86 3 1
github.com/LukeHagar/plexgo/collections.go:304.86,306.3 1 0
github.com/LukeHagar/plexgo/collections.go:308.2,309.16 2 1
github.com/LukeHagar/plexgo/collections.go:309.16,311.3 1 0
github.com/LukeHagar/plexgo/collections.go:313.2,314.34 2 1
github.com/LukeHagar/plexgo/collections.go:314.34,315.17 1 0
github.com/LukeHagar/plexgo/collections.go:315.17,317.4 1 0
github.com/LukeHagar/plexgo/collections.go:317.9,319.4 1 0
github.com/LukeHagar/plexgo/collections.go:321.3,322.18 2 0
github.com/LukeHagar/plexgo/collections.go:323.8,323.100 1 1
github.com/LukeHagar/plexgo/collections.go:323.100,325.17 2 0
github.com/LukeHagar/plexgo/collections.go:325.17,327.4 1 0
github.com/LukeHagar/plexgo/collections.go:328.3,328.91 1 0
github.com/LukeHagar/plexgo/collections.go:329.8,331.17 2 1
github.com/LukeHagar/plexgo/collections.go:331.17,333.4 1 0
github.com/LukeHagar/plexgo/collections.go:336.2,337.16 2 1
github.com/LukeHagar/plexgo/collections.go:337.16,339.3 1 0
github.com/LukeHagar/plexgo/collections.go:341.2,342.96 2 1
github.com/LukeHagar/plexgo/collections.go:342.96,344.3 1 0
github.com/LukeHagar/plexgo/collections.go:346.2,347.51 2 1
github.com/LukeHagar/plexgo/collections.go:347.51,349.3 1 1
github.com/LukeHagar/plexgo/collections.go:351.2,351.19 1 1
github.com/LukeHagar/plexgo/collections.go:355.156,359.30 3 1
github.com/LukeHagar/plexgo/collections.go:359.30,362.3 2 1
github.com/LukeHagar/plexgo/collections.go:362.8,364.3 1 0
github.com/LukeHagar/plexgo/collections.go:366.2,367.16 2 1
github.com/LukeHagar/plexgo/collections.go:367.16,369.3 1 0
github.com/LukeHagar/plexgo/collections.go:371.2,386.22 7 1
github.com/LukeHagar/plexgo/collections.go:386.22,388.30 2 1
github.com/LukeHagar/plexgo/collections.go:388.30,389.13 1 1
github.com/LukeHagar/plexgo/collections.go:389.13,391.5 1 1
github.com/LukeHagar/plexgo/collections.go:392.4,392.18 1 1
github.com/LukeHagar/plexgo/collections.go:394.3,394.152 1 1
github.com/LukeHagar/plexgo/collections.go:395.8,398.3 1 0
github.com/LukeHagar/plexgo/collections.go:400.2,403.16 3 1
github.com/LukeHagar/plexgo/collections.go:403.16,405.3 1 0
github.com/LukeHagar/plexgo/collections.go:407.2,410.86 3 1
github.com/LukeHagar/plexgo/collections.go:410.86,412.3 1 0
github.com/LukeHagar/plexgo/collections.go:414.2,415.16 2 1
github.com/LukeHagar/plexgo/collections.go:415.16,417.3 1 0
github.com/LukeHagar/plexgo/collections.go:419.2,420.34 2 1
github.com/LukeHagar/plexgo/collections.go:420.34,421.17 1 0
github.com/LukeHagar/plexgo/collections.go:421.17,423.4 1 0
github.com/LukeHagar/plexgo/collections.go:423.9,425.4 1 0
github.com/LukeHagar/plexgo/collections.go:427.3,428.18 2 0
github.com/LukeHagar/plexgo/collections.go:429.8,429.100 1 1
github.com/LukeHagar/plexgo/collections.go:429.100,431.17 2 0
github.com/LukeHagar/plexgo/collections.go:431.17,433.4 1 0
github.com/LukeHagar/plexgo/collections.go:434.3,434.91 1 0
github.com/LukeHagar/plexgo/collections.go:435.8,437.17 2 1
github.com/LukeHagar/plexgo/collections.go:437.17,439.4 1 0
github.com/LukeHagar/plexgo/collections.go:443.2,444.20 2 1
github.com/LukeHagar/plexgo/collections.go:444.20,446.3 1 0
github.com/LukeHagar/plexgo/collections.go:450.2,452.16 3 1
github.com/LukeHagar/plexgo/collections.go:452.16,454.3 1 0
github.com/LukeHagar/plexgo/collections.go:456.2,457.16 2 1
github.com/LukeHagar/plexgo/collections.go:457.16,459.3 1 0
github.com/LukeHagar/plexgo/collections.go:462.2,462.52 1 1
github.com/LukeHagar/plexgo/collections.go:466.177,470.30 3 1
github.com/LukeHagar/plexgo/collections.go:470.30,473.3 2 1
github.com/LukeHagar/plexgo/collections.go:473.8,475.3 1 0
github.com/LukeHagar/plexgo/collections.go:477.2,478.16 2 1
github.com/LukeHagar/plexgo/collections.go:478.16,480.3 1 0
github.com/LukeHagar/plexgo/collections.go:482.2,503.16 11 1
github.com/LukeHagar/plexgo/collections.go:503.16,505.3 1 0
github.com/LukeHagar/plexgo/collections.go:507.2,510.86 3 1
github.com/LukeHagar/plexgo/collections.go:510.86,512.3 1 0
github.com/LukeHagar/plexgo/collections.go:514.2,515.16 2 1
github.com/LukeHagar/plexgo/collections.go:515.16,517.3 1 0
github.com/LukeHagar/plexgo/collections.go:519.2,520.34 2 1
github.com/LukeHagar/plexgo/collections.go:520.34,521.17 1 0
github.com/LukeHagar/plexgo/collections.go:521.17,523.4 1 0
github.com/LukeHagar/plexgo/collections.go:523.9,525.4 1 0
github.com/LukeHagar/plexgo/collections.go:527.3,528.18 2 0
github.com/LukeHagar/plexgo/collections.go:529.8,529.100 1 1
github.com/LukeHagar/plexgo/collections.go:529.100,531.17 2 0
github.com/LukeHagar/plexgo/collections.go:531.17,533.4 1 0
github.com/LukeHagar/plexgo/collections.go:534.3,534.91 1 0
github.com/LukeHagar/plexgo/collections.go:535.8,537.17 2 1
github.com/LukeHagar/plexgo/collections.go:537.17,539.4 1 0
github.com/LukeHagar/plexgo/collections.go:543.2,544.20 2 1
github.com/LukeHagar/plexgo/collections.go:544.20,546.3 1 0
github.com/LukeHagar/plexgo/collections.go:550.2,552.16 3 1
github.com/LukeHagar/plexgo/collections.go:552.16,554.3 1 0
github.com/LukeHagar/plexgo/collections.go:556.2,557.16 2 1
github.com/LukeHagar/plexgo/collections.go:557.16,559.3 1 0
github.com/LukeHagar/plexgo/collections.go:562.2,562.52 1 1
github.com/LukeHagar/plexgo/collections.go:566.112,570.30 3 1
github.com/LukeHagar/plexgo/collections.go:570.30,573.3 2 1
github.com/LukeHagar/plexgo/collections.go:573.8,575.3 1 0
github.com/LukeHagar/plexgo/collections.go:577.2,578.16 2 1
github.com/LukeHagar/plexgo/collections.go:578.16,580.3 1 0
github.com/LukeHagar/plexgo/collections.go:582.2,591.16 3 1
github.com/LukeHagar/plexgo/collections.go:591.16,593.3 1 0
github.com/LukeHagar/plexgo/collections.go:595.2,598.86 3 1
github.com/LukeHagar/plexgo/collections.go:598.86,600.3 1 0
github.com/LukeHagar/plexgo/collections.go:602.2,603.16 2 1
github.com/LukeHagar/plexgo/collections.go:603.16,605.3 1 0
github.com/LukeHagar/plexgo/collections.go:607.2,608.34 2 1
github.com/LukeHagar/plexgo/collections.go:608.34,609.17 1 0
github.com/LukeHagar/plexgo/collections.go:609.17,611.4 1 0
github.com/LukeHagar/plexgo/collections.go:611.9,613.4 1 0
github.com/LukeHagar/plexgo/collections.go:615.3,616.13 2 0
github.com/LukeHagar/plexgo/collections.go:617.8,617.100 1 1
github.com/LukeHagar/plexgo/collections.go:617.100,619.17 2 0
github.com/LukeHagar/plexgo/collections.go:619.17,621.4 1 0
github.com/LukeHagar/plexgo/collections.go:622.3,622.86 1 0
github.com/LukeHagar/plexgo/collections.go:623.8,625.17 2 1
github.com/LukeHagar/plexgo/collections.go:625.17,627.4 1 0
github.com/LukeHagar/plexgo/collections.go:630.2,630.12 1 1
github.com/LukeHagar/plexgo/collections.go:634.129,637.16 2 1
github.com/LukeHagar/plexgo/collections.go:637.16,639.3 1 0
github.com/LukeHagar/plexgo/collections.go:641.2,642.16 2 1
github.com/LukeHagar/plexgo/collections.go:642.16,644.3 1 0
github.com/LukeHagar/plexgo/collections.go:647.2,651.16 3 1
github.com/LukeHagar/plexgo/collections.go:651.16,653.3 1 0
github.com/LukeHagar/plexgo/collections.go:655.2,655.12 1 1
github.com/LukeHagar/plexgo/collections.go:659.134,662.16 2 1
github.com/LukeHagar/plexgo/collections.go:662.16,664.3 1 0
github.com/LukeHagar/plexgo/collections.go:666.2,667.16 2 1
github.com/LukeHagar/plexgo/collections.go:667.16,669.3 1 0
github.com/LukeHagar/plexgo/collections.go:672.2,673.36 2 1
github.com/LukeHagar/plexgo/collections.go:673.36,675.36 2 1
github.com/LukeHagar/plexgo/collections.go:675.36,676.24 1 1
github.com/LukeHagar/plexgo/collections.go:676.24,678.10 2 1
github.com/LukeHagar/plexgo/collections.go:681.3,681.11 1 1
github.com/LukeHagar/plexgo/collections.go:681.11,683.4 1 1
github.com/LukeHagar/plexgo/collections.go:687.2,688.16 2 1
github.com/LukeHagar/plexgo/collections.go:688.16,690.3 1 0
github.com/LukeHagar/plexgo/collections.go:692.2,692.12 1 1
github.com/LukeHagar/plexgo/collections.go:696.129,700.30 3 1
github.com/LukeHagar/plexgo/collections.go:700.30,703.3 2 1
github.com/LukeHagar/plexgo/collections.go:703.8,705.3 1 0
github.com/LukeHagar/plexgo/collections.go:707.2,708.16 2 1
github.com/LukeHagar/plexgo/collections.go:708.16,710.3 1 0
github.com/LukeHagar/plexgo/collections.go:712.2,722.39 3 1
github.com/LukeHagar/plexgo/collections.go:722.39,723.16 1 1
github.com/LukeHagar/plexgo/collections.go:723.16,725.9 2 1
github.com/LukeHagar/plexgo/collections.go:729.2,734.16 5 1
github.com/LukeHagar/plexgo/collections.go:734.16,736.3 1 0
github.com/LukeHagar/plexgo/collections.go:738.2,741.86 3 1
github.com/LukeHagar/plexgo/collections.go:741.86,743.3 1 0
github.com/LukeHagar/plexgo/collections.go:745.2,746.16 2 1
github.com/LukeHagar/plexgo/collections.go:746.16,748.3 1 0
github.com/LukeHagar/plexgo/collections.go:750.2,751.34 2 1
github.com/LukeHagar/plexgo/collections.go:751.34,752.17 1 0
github.com/LukeHagar/plexgo/collections.go:752.17,754.4 1 0
github.com/LukeHagar/plexgo/collections.go:754.9,756.4 1 0
github.com/LukeHagar/plexgo/collections.go:758.3,759.13 2 0
github.com/LukeHagar/plexgo/collections.go:760.8,760.100 1 1
github.com/LukeHagar/plexgo/collections.go:760.100,762.17 2 0
github.com/LukeHagar/plexgo/collections.go:762.17,764.4 1 0
github.com/LukeHagar/plexgo/collections.go:765.3,765.86 1 0
github.com/LukeHagar/plexgo/collections.go:766.8,768.17 2 1
github.com/LukeHagar/plexgo/collections.go:768.17,770.4 1 0
github.com/LukeHagar/plexgo/collections.go:773.2,773.12 1 1
github.com/LukeHagar/plexgo/collections.go:777.129,781.30 3 1
github.com/LukeHagar/plexgo/collections.go:781.30,784.3 2 1
github.com/LukeHagar/plexgo/collections.go:784.8,786.3 1 0
github.com/LukeHagar/plexgo/collections.go:788.2,789.16 2 1
github.com/LukeHagar/plexgo/collections.go:789.16,791.3 1 0
github.com/LukeHagar/plexgo/collections.go:793.2,803.39 3 1
github.com/LukeHagar/plexgo/collections.go:803.39,804.16 1 1
github.com/LukeHagar/plexgo/collections.go:804.16,806.9 2 1
github.com/LukeHagar/plexgo/collections.go:810.2,815.16 5 1
github.com/LukeHagar/plexgo/collections.go:815.16,817.3 1 0
github.com/LukeHagar/plexgo/collections.go:819.2,822.86 3 1
github.com/LukeHagar/plexgo/collections.go:822.86,824.3 1 0
github.com/LukeHagar/plexgo/collections.go:826.2,827.16 2 1
github.com/LukeHagar/plexgo/collections.go:827.16,829.3 1 0
github.com/LukeHagar/plexgo/collections.go:831.2,832.34 2 1
github.com/LukeHagar/plexgo/collections.go:832.34,833.17 1 0
github.com/LukeHagar/plexgo/collections.go:833.17,835.4 1 0
github.com/LukeHagar/plexgo/collections.go:835.9,837.4 1 0
github.com/LukeHagar/plexgo/collections.go:839.3,840.13 2 0
github.com/LukeHagar/plexgo/collections.go:841.8,841.100 1 1
github.com/LukeHagar/plexgo/collections.go:841.100,843.17 2 0
github.com/LukeHagar/plexgo/collections.go:843.17,845.4 1 0
github.com/LukeHagar/plexgo/collections.go:846.3,846.86 1 0
github.com/LukeHagar/plexgo/collections.go:847.8,849.17 2 1
github.com/LukeHagar/plexgo/collections.go:849.17,851.4 1 0
github.com/LukeHagar/plexgo/collections.go:854.2,854.12 1 1
github.com/LukeHagar/plexgo/collections.go:858.159,862.30 3 1
github.com/LukeHagar/plexgo/collections.go:862.30,865.3 2 1
github.com/LukeHagar/plexgo/collections.go:865.8,867.3 1 0
github.com/LukeHagar/plexgo/collections.go:869.2,870.16 2 1
github.com/LukeHagar/plexgo/collections.go:870.16,872.3 1 0
github.com/LukeHagar/plexgo/collections.go:874.2,887.16 6 1
github.com/LukeHagar/plexgo/collections.go:887.16,889.3 1 0
github.com/LukeHagar/plexgo/collections.go:891.2,894.86 3 1
github.com/LukeHagar/plexgo/collections.go:894.86,896.3 1 0
github.com/LukeHagar/plexgo/collections.go:898.2,899.16 2 1
github.com/LukeHagar/plexgo/collections.go:899.16,901.3 1 0
github.com/LukeHagar/plexgo/collections.go:903.2,904.34 2 1
github.com/LukeHagar/plexgo/collections.go:904.34,905.17 1 0
github.com/LukeHagar/plexgo/collections.go:905.17,907.4 1 0
github.com/LukeHagar/plexgo/collections.go:907.9,909.4 1 0
github.com/LukeHagar/plexgo/collections.go:911.3,912.18 2 0
github.com/LukeHagar/plexgo/collections.go:913.8,913.100 1 1
github.com/LukeHagar/plexgo/collections.go:913.100,915.17 2 0
github.com/LukeHagar/plexgo/collections.go:915.17,917.4 1 0
github.com/LukeHagar/plexgo/collections.go:918.3,918.91 1 0
github.com/LukeHagar/plexgo/collections.go:919.8,921.17 2 1
github.com/LukeHagar/plexgo/collections.go:921.17,923.4 1 0
github.com/LukeHagar/plexgo/collections.go:926.2,927.16 2 1
github.com/LukeHagar/plexgo/collections.go:927.16,929.3 1 0
github.com/LukeHagar/plexgo/collections.go:932.2,948.97 5 1
github.com/LukeHagar/plexgo/collections.go:948.97,950.3 1 0
github.com/LukeHagar/plexgo/collections.go:952.2,952.44 1 1
github.com/LukeHagar/plexgo/collections.go:952.44,954.3 1 0
github.com/LukeHagar/plexgo/collections.go:956.2,964.24 3 1
github.com/LukeHagar/plexgo/collections.go:968.171,972.30 3 1
github.com/LukeHagar/plexgo/collections.go:972.30,975.3 2 1
github.com/LukeHagar/plexgo/collections.go:975.8,977.3 1 0
github.com/LukeHagar/plexgo/collections.go:979.2,980.16 2 1
github.com/LukeHagar/plexgo/collections.go:980.16,982.3 1 0
github.com/LukeHagar/plexgo/collections.go:984.2,1000.16 9 1
github.com/LukeHagar/plexgo/collections.go:1000.16,1002.3 1 0
github.com/LukeHagar/plexgo/collections.go:1004.2,1007.86 3 1
github.com/LukeHagar/plexgo/collections.go:1007.86,1009.3 1 0
github.com/LukeHagar/plexgo/collections.go:1011.2,1012.16 2 1
github.com/LukeHagar/plexgo/collections.go:1012.16,1014.3 1 0
github.com/LukeHagar/plexgo/collections.go:1016.2,1017.34 2 1
github.com/LukeHagar/plexgo/collections.go:1017.34,1018.17 1 0
github.com/LukeHagar/plexgo/collections.go:1018.17,1020.4 1 0
github.com/LukeHagar/plexgo/collections.go:1020.9,1022.4 1 0
github.com/LukeHagar/plexgo/collections.go:1024.3,1025.13 2 0
github.com/LukeHagar/plexgo/collections.go:1026.8,1026.100 1 1
github.com/LukeHagar/plexgo/collections.go:1026.100,1028.17 2 0
github.com/LukeHagar/plexgo/collections.go:1028.17,1030.4 1 0
github.com/LukeHagar/plexgo/collections.go:1031.3,1031.86 1 0
github.com/LukeHagar/plexgo/collections.go:1032.8,1034.17 2 1
github.com/LukeHagar/plexgo/collections.go:1034.17,1036.4 1 0
github.com/LukeHagar/plexgo/collections.go:1039.2,1039.12 1 1
github.com/LukeHagar/plexgo/collections.go:1043.135,1047.30 3 1
github.com/LukeHagar/plexgo/collections.go:1047.30,1050.3 2 1
github.com/LukeHagar/plexgo/collections.go:1050.8,1052.3 1 0
github.com/LukeHagar/plexgo/collections.go:1054.2,1055.16 2 1
github.com/LukeHagar/plexgo/collections.go:1055.16,1057.3 1 0
github.com/LukeHagar/plexgo/collections.go:1059.2,1072.16 6 1
github.com/LukeHagar/plexgo/collections.go:1072.16,1074.3 1 0
github.com/LukeHagar/plexgo/collections.go:1076.2,1079.86 3 1
github.com/LukeHagar/plexgo/collections.go:1079.86,1081.3 1 0
github.com/LukeHagar/plexgo/collections.go:1083.2,1084.16 2 1
github.com/LukeHagar/plexgo/collections.go:1084.16,1086.3 1 0
github.com/LukeHagar/plexgo/collections.go:1088.2,1089.34 2 1
github.com/LukeHagar/plexgo/collections.go:1089.34,1090.17 1 0
github.com/LukeHagar/plexgo/collections.go:1090.17,1092.4 1 0
github.com/LukeHagar/plexgo/collections.go:1092.9,1094.4 1 0
github.com/LukeHagar/plexgo/collections.go:1096.3,1097.13 2 0
github.com/LukeHagar/plexgo/collections.go:1098.8,1098.100 1 1
github.com/LukeHagar/plexgo/collections.go:1098.100,1100.17 2 0
github.com/LukeHagar/plexgo/collections.go:1100.17,1102.4 1 0
github.com/LukeHagar/plexgo/collections.go:1103.3,1103.86 1 0
github.com/LukeHagar/plexgo/collections.go:1104.8,1106.17 2 1
github.com/LukeHagar/plexgo/collections.go:1106.17,1108.4 1 0
github.com/LukeHagar/plexgo/collections.go:1111.2,1111.12 1 1
github.com/LukeHagar/plexgo/collections.go:1115.34,1116.7 1 1
github.com/LukeHagar/plexgo/collections.go:1116.7,1118.3 1 1
github.com/LukeHagar/plexgo/collections.go:1119.2,1119.12 1 0
github.com/LukeHagar/plexgo/collections.go:1123.67,1125.27 2 1
github.com/LukeHagar/plexgo/collections.go:1125.27,1128.3 1 0
github.com/LukeHagar/plexgo/collections.go:1129.2,1129.10 1 1
github.com/LukeHagar/plexgo/hubs.go:23.48,27.2 1 1
github.com/LukeHagar/plexgo/hubs.go:31.178,43.27 4 0
github.com/LukeHagar/plexgo/hubs.go:43.27,44.54 1 0
github.com/LukeHagar/plexgo/hubs.go:44.54,46.4 1 0
github.com/LukeHagar/plexgo/hubs.go:49.2,50.24 2 0
github.com/LukeHagar/plexgo/hubs.go:50.24,52.3 1 0
github.com/LukeHagar/plexgo/hubs.go:52.8,54.3 1 0
github.com/LukeHagar/plexgo/hubs.go:55.2,56.16 2 0
github.com/LukeHagar/plexgo/hubs.go:56.16,58.3 1 0
github.com/LukeHagar/plexgo/hubs.go:60.2,69.20 3 0
github.com/LukeHagar/plexgo/hubs.go:69.20,71.3 1 0
github.com/LukeHagar/plexgo/hubs.go:73.2,73.20 1 0
github.com/LukeHagar/plexgo/hubs.go:73.20,77.3 3 0
github.com/LukeHagar/plexgo/hubs.go:79.2,80.16 2 0
github.com/LukeHagar/plexgo/hubs.go:80.16,82.3 1 0
github.com/LukeHagar/plexgo/hubs.go:83.2,86.74 3 0
github.com/LukeHagar/plexgo/hubs.go:86.74,88.3 1 0
github.com/LukeHagar/plexgo/hubs.go:90.2,90.86 1 0
github.com/LukeHagar/plexgo/hubs.go:90.86,92.3 1 0
github.com/LukeHagar/plexgo/hubs.go:94.2,94.33 1 0
github.com/LukeHagar/plexgo/hubs.go:94.33,96.3 1 0
github.com/LukeHagar/plexgo/hubs.go:98.2,100.24 3 0
github.com/LukeHagar/plexgo/hubs.go:100.24,101.31 1 0
github.com/LukeHagar/plexgo/hubs.go:101.31,103.4 1 0
github.com/LukeHagar/plexgo/hubs.go:106.2,107.24 2 0
github.com/LukeHagar/plexgo/hubs.go:107.24,117.37 1 0
github.com/LukeHagar/plexgo/hubs.go:117.37,118.23 1 0
github.com/LukeHagar/plexgo/hubs.go:118.23,120.19 2 0
github.com/LukeHagar/plexgo/hubs.go:120.19,122.6 1 0
github.com/LukeHagar/plexgo/hubs.go:123.5,123.24 1 0
github.com/LukeHagar/plexgo/hubs.go:126.4,127.18 2 0
github.com/LukeHagar/plexgo/hubs.go:127.18,128.67 1 0
github.com/LukeHagar/plexgo/hubs.go:128.67,130.6 1 0
github.com/LukeHagar/plexgo/hubs.go:132.5,132.37 1 0
github.com/LukeHagar/plexgo/hubs.go:135.4,136.36 2 0
github.com/LukeHagar/plexgo/hubs.go:136.36,137.19 1 0
github.com/LukeHagar/plexgo/hubs.go:137.19,139.6 1 0
github.com/LukeHagar/plexgo/hubs.go:139.11,141.6 1 0
github.com/LukeHagar/plexgo/hubs.go:143.5,143.106 1 0
github.com/LukeHagar/plexgo/hubs.go:145.4,145.23 1 0
github.com/LukeHagar/plexgo/hubs.go:148.3,148.17 1 0
github.com/LukeHagar/plexgo/hubs.go:148.17,150.4 1 0
github.com/LukeHagar/plexgo/hubs.go:150.9,152.18 2 0
github.com/LukeHagar/plexgo/hubs.go:152.18,154.5 1 0
github.com/LukeHagar/plexgo/hubs.go:156.8,158.17 2 0
github.com/LukeHagar/plexgo/hubs.go:158.17,160.4 1 0
github.com/LukeHagar/plexgo/hubs.go:162.3,163.35 2 0
github.com/LukeHagar/plexgo/hubs.go:163.35,164.18 1 0
github.com/LukeHagar/plexgo/hubs.go:164.18,166.5 1 0
[...]
github.com/LukeHagar/plexgo/updater.go:732.10,734.17 2 0
github.com/LukeHagar/plexgo/updater.go:734.17,736.4 1 0
github.com/LukeHagar/plexgo/updater.go:737.3,737.114 1 0
github.com/LukeHagar/plexgo/updater.go:740.2,740.17 1 0
github.com/LukeHagar/plexgo/users.go:22.50,26.2 1 1
github.com/LukeHagar/plexgo/users.go:30.148,37.27 3 0
github.com/LukeHagar/plexgo/users.go:37.27,38.54 1 0
github.com/LukeHagar/plexgo/users.go:38.54,40.4 1 0
github.com/LukeHagar/plexgo/users.go:43.2,44.24 2 0
github.com/LukeHagar/plexgo/users.go:44.24,46.3 1 0
github.com/LukeHagar/plexgo/users.go:48.2,49.16 2 0
github.com/LukeHagar/plexgo/users.go:49.16,51.3 1 0
github.com/LukeHagar/plexgo/users.go:53.2,62.20 3 0
github.com/LukeHagar/plexgo/users.go:62.20,64.3 1 0
github.com/LukeHagar/plexgo/users.go:66.2,66.20 1 0
github.com/LukeHagar/plexgo/users.go:66.20,70.3 3 0
github.com/LukeHagar/plexgo/users.go:72.2,73.16 2 0
github.com/LukeHagar/plexgo/users.go:73.16,75.3 1 0
github.com/LukeHagar/plexgo/users.go:76.2,81.33 4 0
github.com/LukeHagar/plexgo/users.go:81.33,83.3 1 0
github.com/LukeHagar/plexgo/users.go:85.2,87.24 3 0
github.com/LukeHagar/plexgo/users.go:87.24,88.31 1 0
github.com/LukeHagar/plexgo/users.go:88.31,90.4 1 0
github.com/LukeHagar/plexgo/users.go:93.2,94.24 2 0
github.com/LukeHagar/plexgo/users.go:94.24,104.37 1 0
github.com/LukeHagar/plexgo/users.go:104.37,105.23 1 0
github.com/LukeHagar/plexgo/users.go:105.23,107.19 2 0
github.com/LukeHagar/plexgo/users.go:107.19,109.6 1 0
github.com/LukeHagar/plexgo/users.go:110.5,110.24 1 0
github.com/LukeHagar/plexgo/users.go:113.4,114.18 2 0
github.com/LukeHagar/plexgo/users.go:114.18,115.67 1 0
github.com/LukeHagar/plexgo/users.go:115.67,117.6 1 0
github.com/LukeHagar/plexgo/users.go:119.5,119.37 1 0
github.com/LukeHagar/plexgo/users.go:122.4,123.36 2 0
github.com/LukeHagar/plexgo/users.go:123.36,124.19 1 0
github.com/LukeHagar/plexgo/users.go:124.19,126.6 1 0
github.com/LukeHagar/plexgo/users.go:126.11,128.6 1 0
github.com/LukeHagar/plexgo/users.go:130.5,130.106 1 0
github.com/LukeHagar/plexgo/users.go:132.4,132.23 1 0
github.com/LukeHagar/plexgo/users.go:135.3,135.17 1 0
github.com/LukeHagar/plexgo/users.go:135.17,137.4 1 0
github.com/LukeHagar/plexgo/users.go:137.9,139.18 2 0
github.com/LukeHagar/plexgo/users.go:139.18,141.5 1 0
github.com/LukeHagar/plexgo/users.go:143.8,145.17 2 0
github.com/LukeHagar/plexgo/users.go:145.17,147.4 1 0
github.com/LukeHagar/plexgo/users.go:149.3,150.35 2 0
github.com/LukeHagar/plexgo/users.go:150.35,151.18 1 0
github.com/LukeHagar/plexgo/users.go:151.18,153.5 1 0
github.com/LukeHagar/plexgo/users.go:153.10,155.5 1 0
github.com/LukeHagar/plexgo/users.go:157.4,158.19 2 0
github.com/LukeHagar/plexgo/users.go:159.9,159.94 1 0
github.com/LukeHagar/plexgo/users.go:159.94,161.18 2 0
github.com/LukeHagar/plexgo/users.go:161.18,163.5 1 0
github.com/LukeHagar/plexgo/users.go:163.10,163.30 1 0
github.com/LukeHagar/plexgo/users.go:163.30,165.5 1 0
github.com/LukeHagar/plexgo/users.go:166.9,168.18 2 0
github.com/LukeHagar/plexgo/users.go:168.18,170.5 1 0
github.com/LukeHagar/plexgo/users.go:174.2,180.9 2 0
github.com/LukeHagar/plexgo/users.go:181.33,182.10 1 0
github.com/LukeHagar/plexgo/users.go:183.86,185.18 2 0
github.com/LukeHagar/plexgo/users.go:185.18,187.5 1 0
github.com/LukeHagar/plexgo/users.go:189.4,189.22 1 0
github.com/LukeHagar/plexgo/users.go:190.11,192.18 2 0
github.com/LukeHagar/plexgo/users.go:192.18,194.5 1 0
github.com/LukeHagar/plexgo/users.go:195.4,195.169 1 0
github.com/LukeHagar/plexgo/users.go:197.33,198.10 1 0
github.com/LukeHagar/plexgo/users.go:199.87,201.18 2 0
github.com/LukeHagar/plexgo/users.go:201.18,203.5 1 0
github.com/LukeHagar/plexgo/users.go:205.4,206.98 2 0
github.com/LukeHagar/plexgo/users.go:206.98,208.5 1 0
github.com/LukeHagar/plexgo/users.go:210.4,211.20 2 0
github.com/LukeHagar/plexgo/users.go:212.11,214.18 2 0
github.com/LukeHagar/plexgo/users.go:214.18,216.5 1 0
github.com/LukeHagar/plexgo/users.go:217.4,217.169 1 0
github.com/LukeHagar/plexgo/users.go:219.33,220.10 1 0
github.com/LukeHagar/plexgo/users.go:221.87,223.18 2 0
github.com/LukeHagar/plexgo/users.go:223.18,225.5 1 0
github.com/LukeHagar/plexgo/users.go:227.4,228.98 2 0
github.com/LukeHagar/plexgo/users.go:228.98,230.5 1 0
github.com/LukeHagar/plexgo/users.go:232.4,233.20 2 0
github.com/LukeHagar/plexgo/users.go:234.11,236.18 2 0
github.com/LukeHagar/plexgo/users.go:236.18,238.5 1 0
github.com/LukeHagar/plexgo/users.go:239.4,239.169 1 0
github.com/LukeHagar/plexgo/users.go:241.61,243.17 2 0
github.com/LukeHagar/plexgo/users.go:243.17,245.4 1 0
github.com/LukeHagar/plexgo/users.go:246.3,246.104 1 0
github.com/LukeHagar/plexgo/users.go:247.61,249.17 2 0
github.com/LukeHagar/plexgo/users.go:249.17,251.4 1 0
github.com/LukeHagar/plexgo/users.go:252.3,252.104 1 0
github.com/LukeHagar/plexgo/users.go:253.10,255.17 2 0
github.com/LukeHagar/plexgo/users.go:255.17,257.4 1 0
github.com/LukeHagar/plexgo/users.go:258.3,258.114 1 0
github.com/LukeHagar/plexgo/users.go:261.2,261.17 1 0
github.com/LukeHagar/plexgo/video.go:23.50,27.2 1 1
github.com/LukeHagar/plexgo/video.go:31.157,38.27 3 0
github.com/LukeHagar/plexgo/video.go:38.27,39.54 1 0
github.com/LukeHagar/plexgo/video.go:39.54,41.4 1 0
github.com/LukeHagar/plexgo/video.go:44.2,45.24 2 0
github.com/LukeHagar/plexgo/video.go:45.24,47.3 1 0
github.com/LukeHagar/plexgo/video.go:47.8,49.3 1 0
github.com/LukeHagar/plexgo/video.go:50.2,51.16 2 0
github.com/LukeHagar/plexgo/video.go:51.16,53.3 1 0
github.com/LukeHagar/plexgo/video.go:55.2,64.20 3 0
github.com/LukeHagar/plexgo/video.go:64.20,66.3 1 0
github.com/LukeHagar/plexgo/video.go:68.2,68.20 1 0
github.com/LukeHagar/plexgo/video.go:68.20,72.3 3 0
github.com/LukeHagar/plexgo/video.go:74.2,75.16 2 0
github.com/LukeHagar/plexgo/video.go:75.16,77.3 1 0
github.com/LukeHagar/plexgo/video.go:78.2,81.74 3 0
github.com/LukeHagar/plexgo/video.go:81.74,83.3 1 0
github.com/LukeHagar/plexgo/video.go:85.2,85.86 1 0
github.com/LukeHagar/plexgo/video.go:85.86,87.3 1 0
github.com/LukeHagar/plexgo/video.go:89.2,89.33 1 0
github.com/LukeHagar/plexgo/video.go:89.33,91.3 1 0
github.com/LukeHagar/plexgo/video.go:93.2,95.24 3 0
github.com/LukeHagar/plexgo/video.go:95.24,96.31 1 0
github.com/LukeHagar/plexgo/video.go:96.31,98.4 1 0
github.com/LukeHagar/plexgo/video.go:101.2,102.24 2 0
github.com/LukeHagar/plexgo/video.go:102.24,112.37 1 0
github.com/LukeHagar/plexgo/video.go:112.37,113.23 1 0
github.com/LukeHagar/plexgo/video.go:113.23,115.19 2 0
github.com/LukeHagar/plexgo/video.go:115.19,117.6 1 0
github.com/LukeHagar/plexgo/video.go:118.5,118.24 1 0
github.com/LukeHagar/plexgo/video.go:121.4,122.18 2 0
github.com/LukeHagar/plexgo/video.go:122.18,123.67 1 0
github.com/LukeHagar/plexgo/video.go:123.67,125.6 1 0
github.com/LukeHagar/plexgo/video.go:127.5,127.37 1 0
github.com/LukeHagar/plexgo/video.go:130.4,131.36 2 0
github.com/LukeHagar/plexgo/video.go:131.36,132.19 1 0
github.com/LukeHagar/plexgo/video.go:132.19,134.6 1 0
github.com/LukeHagar/plexgo/video.go:134.11,136.6 1 0
github.com/LukeHagar/plexgo/video.go:138.5,138.106 1 0
github.com/LukeHagar/plexgo/video.go:140.4,140.23 1 0
github.com/LukeHagar/plexgo/video.go:143.3,143.17 1 0
github.com/LukeHagar/plexgo/video.go:143.17,145.4 1 0
github.com/LukeHagar/plexgo/video.go:145.9,147.18 2 0
github.com/LukeHagar/plexgo/video.go:147.18,149.5 1 0
github.com/LukeHagar/plexgo/video.go:151.8,153.17 2 0
github.com/LukeHagar/plexgo/video.go:153.17,155.4 1 0
github.com/LukeHagar/plexgo/video.go:157.3,158.35 2 0
github.com/LukeHagar/plexgo/video.go:158.35,159.18 1 0
github.com/LukeHagar/plexgo/video.go:159.18,161.5 1 0
github.com/LukeHagar/plexgo/video.go:161.10,163.5 1 0
github.com/LukeHagar/plexgo/video.go:165.4,166.19 2 0
github.com/LukeHagar/plexgo/video.go:167.9,167.94 1 0
github.com/LukeHagar/plexgo/video.go:167.94,169.18 2 0
github.com/LukeHagar/plexgo/video.go:169.18,171.5 1 0
github.com/LukeHagar/plexgo/video.go:171.10,171.30 1 0
github.com/LukeHagar/plexgo/video.go:171.30,173.5 1 0
github.com/LukeHagar/plexgo/video.go:174.9,176.18 2 0
github.com/LukeHagar/plexgo/video.go:176.18,178.5 1 0
github.com/LukeHagar/plexgo/video.go:182.2,188.9 2 0
github.com/LukeHagar/plexgo/video.go:189.33,189.33 0 0
github.com/LukeHagar/plexgo/video.go:190.33,191.10 1 0
github.com/LukeHagar/plexgo/video.go:192.87,194.18 2 0
github.com/LukeHagar/plexgo/video.go:194.18,196.5 1 0
github.com/LukeHagar/plexgo/video.go:198.4,199.98 2 0
github.com/LukeHagar/plexgo/video.go:199.98,201.5 1 0
github.com/LukeHagar/plexgo/video.go:203.4,204.20 2 0
github.com/LukeHagar/plexgo/video.go:205.11,207.18 2 0
github.com/LukeHagar/plexgo/video.go:207.18,209.5 1 0
github.com/LukeHagar/plexgo/video.go:210.4,210.169 1 0
github.com/LukeHagar/plexgo/video.go:212.33,213.10 1 0
github.com/LukeHagar/plexgo/video.go:214.87,216.18 2 0
github.com/LukeHagar/plexgo/video.go:216.18,218.5 1 0
github.com/LukeHagar/plexgo/video.go:220.4,221.98 2 0
github.com/LukeHagar/plexgo/video.go:221.98,223.5 1 0
github.com/LukeHagar/plexgo/video.go:225.4,226.20 2 0
github.com/LukeHagar/plexgo/video.go:227.11,229.18 2 0
github.com/LukeHagar/plexgo/video.go:229.18,231.5 1 0
github.com/LukeHagar/plexgo/video.go:232.4,232.169 1 0
github.com/LukeHagar/plexgo/video.go:234.61,236.17 2 0
github.com/LukeHagar/plexgo/video.go:236.17,238.4 1 0
github.com/LukeHagar/plexgo/video.go:239.3,239.104 1 0
github.com/LukeHagar/plexgo/video.go:240.61,242.17 2 0
github.com/LukeHagar/plexgo/video.go:242.17,244.4 1 0
github.com/LukeHagar/plexgo/video.go:245.3,245.104 1 0
github.com/LukeHagar/plexgo/video.go:246.10,248.17 2 0
github.com/LukeHagar/plexgo/video.go:248.17,250.4 1 0
github.com/LukeHagar/plexgo/video.go:251.3,251.114 1 0
github.com/LukeHagar/plexgo/video.go:254.2,254.17 1 0
github.com/LukeHagar/plexgo/video.go:260.193,267.27 3 0
github.com/LukeHagar/plexgo/video.go:267.27,268.54 1 0
github.com/LukeHagar/plexgo/video.go:268.54,270.4 1 0
github.com/LukeHagar/plexgo/video.go:273.2,274.24 2 0
github.com/LukeHagar/plexgo/video.go:274.24,276.3 1 0
github.com/LukeHagar/plexgo/video.go:276.8,278.3 1 0
github.com/LukeHagar/plexgo/video.go:279.2,280.16 2 0
github.com/LukeHagar/plexgo/video.go:280.16,282.3 1 0
github.com/LukeHagar/plexgo/video.go:284.2,293.20 3 0
github.com/LukeHagar/plexgo/video.go:293.20,295.3 1 0
github.com/LukeHagar/plexgo/video.go:297.2,297.20 1 0
github.com/LukeHagar/plexgo/video.go:297.20,301.3 3 0
github.com/LukeHagar/plexgo/video.go:303.2,304.16 2 0
github.com/LukeHagar/plexgo/video.go:304.16,306.3 1 0
github.com/LukeHagar/plexgo/video.go:307.2,310.74 3 0
github.com/LukeHagar/plexgo/video.go:310.74,312.3 1 0
github.com/LukeHagar/plexgo/video.go:314.2,314.86 1 0
github.com/LukeHagar/plexgo/video.go:314.86,316.3 1 0
github.com/LukeHagar/plexgo/video.go:318.2,318.33 1 0
github.com/LukeHagar/plexgo/video.go:318.33,320.3 1 0
github.com/LukeHagar/plexgo/video.go:322.2,324.24 3 0
github.com/LukeHagar/plexgo/video.go:324.24,325.31 1 0
github.com/LukeHagar/plexgo/video.go:325.31,327.4 1 0
github.com/LukeHagar/plexgo/video.go:330.2,331.24 2 0
github.com/LukeHagar/plexgo/video.go:331.24,341.37 1 0
github.com/LukeHagar/plexgo/video.go:341.37,342.23 1 0
github.com/LukeHagar/plexgo/video.go:342.23,344.19 2 0
github.com/LukeHagar/plexgo/video.go:344.19,346.6 1 0
github.com/LukeHagar/plexgo/video.go:347.5,347.24 1 0
github.com/LukeHagar/plexgo/video.go:350.4,351.18 2 0
github.com/LukeHagar/plexgo/video.go:351.18,352.67 1 0
github.com/LukeHagar/plexgo/video.go:352.67,354.6 1 0
github.com/LukeHagar/plexgo/video.go:356.5,356.37 1 0
github.com/LukeHagar/plexgo/video.go:359.4,360.36 2 0
github.com/LukeHagar/plexgo/video.go:360.36,361.19 1 0
github.com/LukeHagar/plexgo/video.go:361.19,363.6 1 0
github.com/LukeHagar/plexgo/video.go:363.11,365.6 1 0
github.com/LukeHagar/plexgo/video.go:367.5,367.106 1 0
github.com/LukeHagar/plexgo/video.go:369.4,369.23 1 0
github.com/LukeHagar/plexgo/video.go:372.3,372.17 1 0
github.com/LukeHagar/plexgo/video.go:372.17,374.4 1 0
github.com/LukeHagar/plexgo/video.go:374.9,376.18 2 0
github.com/LukeHagar/plexgo/video.go:376.18,378.5 1 0
github.com/LukeHagar/plexgo/video.go:380.8,382.17 2 0
github.com/LukeHagar/plexgo/video.go:382.17,384.4 1 0
github.com/LukeHagar/plexgo/video.go:386.3,387.35 2 0
github.com/LukeHagar/plexgo/video.go:387.35,388.18 1 0
github.com/LukeHagar/plexgo/video.go:388.18,390.5 1 0
github.com/LukeHagar/plexgo/video.go:390.10,392.5 1 0
github.com/LukeHagar/plexgo/video.go:394.4,395.19 2 0
github.com/LukeHagar/plexgo/video.go:396.9,396.94 1 0
github.com/LukeHagar/plexgo/video.go:396.94,398.18 2 0
github.com/LukeHagar/plexgo/video.go:398.18,400.5 1 0
github.com/LukeHagar/plexgo/video.go:400.10,400.30 1 0
github.com/LukeHagar/plexgo/video.go:400.30,402.5 1 0
github.com/LukeHagar/plexgo/video.go:403.9,405.18 2 0
github.com/LukeHagar/plexgo/video.go:405.18,407.5 1 0
github.com/LukeHagar/plexgo/video.go:411.2,417.9 2 0
github.com/LukeHagar/plexgo/video.go:418.33,418.33 0 0
github.com/LukeHagar/plexgo/video.go:419.33,420.10 1 0
github.com/LukeHagar/plexgo/video.go:421.87,423.18 2 0
github.com/LukeHagar/plexgo/video.go:423.18,425.5 1 0
github.com/LukeHagar/plexgo/video.go:427.4,428.98 2 0
github.com/LukeHagar/plexgo/video.go:428.98,430.5 1 0
github.com/LukeHagar/plexgo/video.go:432.4,433.20 2 0
github.com/LukeHagar/plexgo/video.go:434.11,436.18 2 0
github.com/LukeHagar/plexgo/video.go:436.18,438.5 1 0
github.com/LukeHagar/plexgo/video.go:439.4,439.169 1 0
github.com/LukeHagar/plexgo/video.go:441.33,442.10 1 0
github.com/LukeHagar/plexgo/video.go:443.87,445.18 2 0
github.com/LukeHagar/plexgo/video.go:445.18,447.5 1 0
github.com/LukeHagar/plexgo/video.go:449.4,450.98 2 0
github.com/LukeHagar/plexgo/video.go:450.98,452.5 1 0
github.com/LukeHagar/plexgo/video.go:454.4,455.20 2 0
github.com/LukeHagar/plexgo/video.go:456.11,458.18 2 0
github.com/LukeHagar/plexgo/video.go:458.18,460.5 1 0
github.com/LukeHagar/plexgo/video.go:461.4,461.169 1 0
github.com/LukeHagar/plexgo/video.go:463.61,465.17 2 0
github.com/LukeHagar/plexgo/video.go:465.17,467.4 1 0
github.com/LukeHagar/plexgo/video.go:468.3,468.104 1 0
github.com/LukeHagar/plexgo/video.go:469.61,471.17 2 0
github.com/LukeHagar/plexgo/video.go:471.17,473.4 1 0
github.com/LukeHagar/plexgo/video.go:474.3,474.104 1 0
github.com/LukeHagar/plexgo/video.go:475.10,477.17 2 0
github.com/LukeHagar/plexgo/video.go:477.17,479.4 1 0
github.com/LukeHagar/plexgo/video.go:480.3,480.114 1 0
github.com/LukeHagar/plexgo/video.go:483.2,483.17 1 0
github.com/LukeHagar/plexgo/watchlist.go:22.58,26.2 1 1
github.com/LukeHagar/plexgo/watchlist.go:30.164,37.27 3 0
github.com/LukeHagar/plexgo/watchlist.go:37.27,38.54 1 0
github.com/LukeHagar/plexgo/watchlist.go:38.54,40.4 1 0
github.com/LukeHagar/plexgo/watchlist.go:43.2,44.24 2 0
github.com/LukeHagar/plexgo/watchlist.go:44.24,46.3 1 0
github.com/LukeHagar/plexgo/watchlist.go:48.2,49.16 2 0
github.com/LukeHagar/plexgo/watchlist.go:49.16,51.3 1 0
github.com/LukeHagar/plexgo/watchlist.go:53.2,62.20 3 0
github.com/LukeHagar/plexgo/watchlist.go:62.20,64.3 1 0
github.com/LukeHagar/plexgo/watchlist.go:66.2,66.20 1 0
github.com/LukeHagar/plexgo/watchlist.go:66.20,70.3 3 0
github.com/LukeHagar/plexgo/watchlist.go:72.2,73.16 2 0
github.com/LukeHagar/plexgo/watchlist.go:73.16,75.3 1 0
github.com/LukeHagar/plexgo/watchlist.go:76.2,81.74 4 0
github.com/LukeHagar/plexgo/watchlist.go:81.74,83.3 1 0
github.com/LukeHagar/plexgo/watchlist.go:85.2,85.86 1 0
github.com/LukeHagar/plexgo/watchlist.go:85.86,87.3 1 0
github.com/LukeHagar/plexgo/watchlist.go:89.2,89.33 1 0
github.com/LukeHagar/plexgo/watchlist.go:89.33,91.3 1 0
github.com/LukeHagar/plexgo/watchlist.go:93.2,95.24 3 0
github.com/LukeHagar/plexgo/watchlist.go:95.24,96.31 1 0
github.com/LukeHagar/plexgo/watchlist.go:96.31,98.4 1 0
github.com/LukeHagar/plexgo/watchlist.go:101.2,102.24 2 0
github.com/LukeHagar/plexgo/watchlist.go:102.24,112.37 1 0
github.com/LukeHagar/plexgo/watchlist.go:112.37,113.23 1 0
github.com/LukeHagar/plexgo/watchlist.go:113.23,115.19 2 0
github.com/LukeHagar/plexgo/watchlist.go:115.19,117.6 1 0
github.com/LukeHagar/plexgo/watchlist.go:118.5,118.24 1 0
github.com/LukeHagar/plexgo/watchlist.go:121.4,122.18 2 0
github.com/LukeHagar/plexgo/watchlist.go:122.18,123.67 1 0
github.com/LukeHagar/plexgo/watchlist.go:123.67,125.6 1 0
github.com/LukeHagar/plexgo/watchlist.go:127.5,127.37 1 0
github.com/LukeHagar/plexgo/watchlist.go:130.4,131.36 2 0
github.com/LukeHagar/plexgo/watchlist.go:131.36,132.19 1 0
github.com/LukeHagar/plexgo/watchlist.go:132.19,134.6 1 0
github.com/LukeHagar/plexgo/watchlist.go:134.11,136.6 1 0
github.com/LukeHagar/plexgo/watchlist.go:138.5,138.106 1 0
github.com/LukeHagar/plexgo/watchlist.go:140.4,140.23 1 0
github.com/LukeHagar/plexgo/watchlist.go:143.3,143.17 1 0
github.com/LukeHagar/plexgo/watchlist.go:143.17,145.4 1 0
github.com/LukeHagar/plexgo/watchlist.go:145.9,147.18 2 0
github.com/LukeHagar/plexgo/watchlist.go:147.18,149.5 1 0
github.com/LukeHagar/plexgo/watchlist.go:151.8,153.17 2 0
github.com/LukeHagar/plexgo/watchlist.go:153.17,155.4 1 0
github.com/LukeHagar/plexgo/watchlist.go:157.3,158.35 2 0
github.com/LukeHagar/plexgo/watchlist.go:158.35,159.18 1 0
github.com/LukeHagar/plexgo/watchlist.go:159.18,161.5 1 0
github.com/LukeHagar/plexgo/watchlist.go:161.10,163.5 1 0
github.com/LukeHagar/plexgo/watchlist.go:165.4,166.19 2 0
github.com/LukeHagar/plexgo/watchlist.go:167.9,167.94 1 0
github.com/LukeHagar/plexgo/watchlist.go:167.94,169.18 2 0
github.com/LukeHagar/plexgo/watchlist.go:169.18,171.5 1 0
github.com/LukeHagar/plexgo/watchlist.go:171.10,171.30 1 0
github.com/LukeHagar/plexgo/watchlist.go:171.30,173.5 1 0
github.com/LukeHagar/plexgo/watchlist.go:174.9,176.18 2 0
github.com/LukeHagar/plexgo/watchlist.go:176.18,178.5 1 0
github.com/LukeHagar/plexgo/watchlist.go:182.2,188.9 2 0
github.com/LukeHagar/plexgo/watchlist.go:189.33,190.10 1 0
github.com/LukeHagar/plexgo/watchlist.go:191.87,193.18 2 0
github.com/LukeHagar/plexgo/watchlist.go:193.18,195.5 1 0
github.com/LukeHagar/plexgo/watchlist.go:197.4,198.98 2 0
github.com/LukeHagar/plexgo/watchlist.go:198.98,200.5 1 0
github.com/LukeHagar/plexgo/watchlist.go:202.4,202.21 1 0
github.com/LukeHagar/plexgo/watchlist.go:203.11,205.18 2 0
github.com/LukeHagar/plexgo/watchlist.go:205.18,207.5 1 0
github.com/LukeHagar/plexgo/watchlist.go:208.4,208.169 1 0
github.com/LukeHagar/plexgo/watchlist.go:210.33,211.10 1 0
github.com/LukeHagar/plexgo/watchlist.go:212.87,214.18 2 0
github.com/LukeHagar/plexgo/watchlist.go:214.18,216.5 1 0
github.com/LukeHagar/plexgo/watchlist.go:218.4,219.98 2 0
github.com/LukeHagar/plexgo/watchlist.go:219.98,221.5 1 0
github.com/LukeHagar/plexgo/watchlist.go:223.4,224.20 2 0
github.com/LukeHagar/plexgo/watchlist.go:225.11,227.18 2 0
github.com/LukeHagar/plexgo/watchlist.go:227.18,229.5 1 0
github.com/LukeHagar/plexgo/watchlist.go:230.4,230.169 1 0
github.com/LukeHagar/plexgo/watchlist.go:232.33,233.10 1 0
github.com/LukeHagar/plexgo/watchlist.go:234.87,236.18 2 0
github.com/LukeHagar/plexgo/watchlist.go:236.18,238.5 1 0
github.com/LukeHagar/plexgo/watchlist.go:240.4,241.98 2 0
github.com/LukeHagar/plexgo/watchlist.go:241.98,243.5 1 0
github.com/LukeHagar/plexgo/watchlist.go:245.4,246.20 2 0
github.com/LukeHagar/plexgo/watchlist.go:247.11,249.18 2 0
github.com/LukeHagar/plexgo/watchlist.go:249.18,251.5 1 0
github.com/LukeHagar/plexgo/watchlist.go:252.4,252.169 1 0
github.com/LukeHagar/plexgo/watchlist.go:254.61,256.17 2 0
github.com/LukeHagar/plexgo/watchlist.go:256.17,258.4 1 0
github.com/LukeHagar/plexgo/watchlist.go:259.3,259.104 1 0
github.com/LukeHagar/plexgo/watchlist.go:260.61,262.17 2 0
github.com/LukeHagar/plexgo/watchlist.go:262.17,264.4 1 0
github.com/LukeHagar/plexgo/watchlist.go:265.3,265.104 1 0
github.com/LukeHagar/plexgo/watchlist.go:266.10,268.17 2 0
github.com/LukeHagar/plexgo/watchlist.go:268.17,270.4 1 0
github.com/LukeHagar/plexgo/watchlist.go:271.3,271.114 1 0
github.com/LukeHagar/plexgo/watchlist.go:274.2,274.17 1 0
